{"title": "sh", "subtitle": "上海", "arg": "2.2.5$%sh$%上海$%EN2zh-CHS$%$%",         "icon": "icon.png"}
{"title": "使用率", "subtitle": "usage", "arg": "2.2.5$%使用率$%usage$%zh-CHS2EN$%$%",         "icon": "icon.png"}
{"title": "选型", "subtitle": "The selection", "arg": "2.2.5$%选型$%The selection$%zh-CHS2EN$%$%",         "icon": "icon.png"}
{"title": "snap", "subtitle": "提前", "arg": "2.2.5$%snap$%提前$%EN2zh-CHS$%$%",         "icon": "icon.png"}
{"title": "para", "subtitle": "帕拉", "arg": "2.2.5$%para$%帕拉$%EN2zh-CHS$%$%",         "icon": "icon.png"}
{"title": "parallax", "subtitle": "视差", "arg": "2.2.5$%parallax$%视差$%EN2zh-CHS$%$%",         "icon": "icon.png"}
{"title": "mediator", "subtitle": "中介", "arg": "2.2.5$%mediator$%中介$%EN2zh-CHS$%$%",         "icon": "icon.png"}
{"title": "le", "subtitle": "勒", "arg": "2.2.5$%le$%勒$%EN2zh-CHS$%$%",         "icon": "icon.png"}
{"title": "lever", "subtitle": "杆", "arg": "2.2.5$%lever$%杆$%EN2zh-CHS$%$%",         "icon": "icon.png"}
{"title": "leverage", "subtitle": "利用", "arg": "2.2.5$%leverage$%利用$%EN2zh-CHS$%$%",         "icon": "icon.png"}
{"title": "repository", "subtitle": "存储库", "arg": "2.2.5$%repository$%存储库$%EN2zh-CHS$%$%",         "icon": "icon.png"}
{"title": "tu", "subtitle": "你", "arg": "2.2.5$%tu$%你$%EN2zh-CHS$%$%",         "icon": "icon.png"}
{"title": "u", "subtitle": "u", "arg": "2.2.5$%u$%u$%EN2zh-CHS$%$%",         "icon": "icon.png"}
{"title": "utilities", "subtitle": "公用事业公司", "arg": "2.2.5$%utilities$%公用事业公司$%EN2zh-CHS$%$%",         "icon": "icon.png"}
{"title": "ex", "subtitle": "前女友", "arg": "2.2.5$%ex$%前女友$%EN2zh-CHS$%$%",         "icon": "icon.png"}
{"title": "exo", "subtitle": "挂式", "arg": "2.2.5$%exo$%挂式$%EN2zh-CHS$%$%",         "icon": "icon.png"}
{"title": "exoti", "subtitle": "exoti", "arg": "2.2.5$%exoti$%exoti$%EN2zh-CHS$%$%",         "icon": "icon.png"}
{"title": "exoticize", "subtitle": "的格格不入", "arg": "2.2.5$%exoticize$%的格格不入$%EN2zh-CHS$%$%",         "icon": "icon.png"}
{"title": "shrine", "subtitle": "神社", "arg": "2.2.5$%shrine$%神社$%EN2zh-CHS$%$%",         "icon": "icon.png"}
{"title": "ra", "subtitle": "类风湿性关节炎", "arg": "2.2.5$%ra$%类风湿性关节炎$%EN2zh-CHS$%$%",         "icon": "icon.png"}
{"title": "racist", "subtitle": "种族主义", "arg": "2.2.5$%racist$%种族主义$%EN2zh-CHS$%$%",         "icon": "icon.png"}
{"title": "jet", "subtitle": "飞机", "arg": "2.2.5$%jet$%飞机$%EN2zh-CHS$%$%",         "icon": "icon.png"}
{"title": "jetbrain", "subtitle": "jetbrain", "arg": "2.2.5$%jetbrain$%jetbrain$%EN2zh-CHS$%$%",         "icon": "icon.png"}
{"title": "fa", "subtitle": "足总", "arg": "2.2.5$%fa$%足总$%EN2zh-CHS$%$%",         "icon": "icon.png"}
{"title": "fascist", "subtitle": "法西斯", "arg": "2.2.5$%fascist$%法西斯$%EN2zh-CHS$%$%",         "icon": "icon.png"}
{"title": "dele", "subtitle": "删除", "arg": "2.2.5$%dele$%删除$%EN2zh-CHS$%$%",         "icon": "icon.png"}
{"title": "d", "subtitle": "d", "arg": "2.2.5$%d$%d$%EN2zh-CHS$%$%",         "icon": "icon.png"}
{"title": "idle", "subtitle": "闲置", "arg": "2.2.5$%idle$%闲置$%EN2zh-CHS$%$%",         "icon": "icon.png"}
{"title": "defer", "subtitle": "推迟", "arg": "2.2.5$%defer$%推迟$%EN2zh-CHS$%$%",         "icon": "icon.png"}
{"title": "deferred", "subtitle": "递延", "arg": "2.2.5$%deferred$%递延$%EN2zh-CHS$%$%",         "icon": "icon.png"}
{"title": "florian", "subtitle": "弗洛里安", "arg": "2.2.5$%florian$%弗洛里安$%EN2zh-CHS$%$%",         "icon": "icon.png"}
{"title": "debounce", "subtitle": "防反跳", "arg": "2.2.5$%debounce$%防反跳$%EN2zh-CHS$%$%",         "icon": "icon.png"}
{"title": "throttle", "subtitle": "节气门", "arg": "2.2.5$%throttle$%节气门$%EN2zh-CHS$%$%",         "icon": "icon.png"}
{"title": "reduce", "subtitle": "减少", "arg": "2.2.5$%reduce$%减少$%EN2zh-CHS$%$%",         "icon": "icon.png"}
{"title": "Qualifier", "subtitle": "限定符", "arg": "2.2.5$%Qualifier$%限定符$%EN2zh-CHS$%$%",         "icon": "icon.png"}
{"title": "pw", "subtitle": "pw", "arg": "2.2.5$%pw$%pw$%EN2zh-CHS$%$%",         "icon": "icon.png"}
{"title": "power", "subtitle": "权力", "arg": "2.2.5$%power$%权力$%EN2zh-CHS$%$%",         "icon": "icon.png"}
{"title": "powered", "subtitle": "动力", "arg": "2.2.5$%powered$%动力$%EN2zh-CHS$%$%",         "icon": "icon.png"}
{"title": "powered by", "subtitle": "由", "arg": "2.2.5$%powered by$%由$%EN2zh-CHS$%$%",         "icon": "icon.png"}
{"title": "segment", "subtitle": "段", "arg": "2.2.5$%segment$%段$%EN2zh-CHS$%$%",         "icon": "icon.png"}
{"title": "e", "subtitle": "e", "arg": "2.2.5$%e$%e$%EN2zh-CHS$%$%",         "icon": "icon.png"}
{"title": "ex", "subtitle": "前女友", "arg": "2.2.5$%ex$%前女友$%EN2zh-CHS$%$%",         "icon": "icon.png"}
{"title": "exclusive", "subtitle": "独家", "arg": "2.2.5$%exclusive$%独家$%EN2zh-CHS$%$%",         "icon": "icon.png"}
{"title": "outli", "subtitle": "outli", "arg": "2.2.5$%outli$%outli$%EN2zh-CHS$%$%",         "icon": "icon.png"}
{"title": "outlined", "subtitle": "概述了", "arg": "2.2.5$%outlined$%概述了$%EN2zh-CHS$%$%",         "icon": "icon.png"}
{"title": "outlined", "subtitle": "概述了", "arg": "2.2.5$%outlined$%概述了$%EN2zh-CHS$%$%",         "icon": "icon.png"}
{"title": "d outlined", "subtitle": "d概述", "arg": "2.2.5$%d outlined$%d概述$%EN2zh-CHS$%$%",         "icon": "icon.png"}
{"title": "dense outlined", "subtitle": "密集的概述", "arg": "2.2.5$%dense outlined$%密集的概述$%EN2zh-CHS$%$%",         "icon": "icon.png"}
{"title": "si", "subtitle": "如果", "arg": "2.2.5$%si$%如果$%EN2zh-CHS$%$%",         "icon": "icon.png"}
{"title": "silicon", "subtitle": "硅", "arg": "2.2.5$%silicon$%硅$%EN2zh-CHS$%$%",         "icon": "icon.png"}
{"title": "Bound", "subtitle": "绑定", "arg": "2.2.5$%Bound$%绑定$%EN2zh-CHS$%$%",         "icon": "icon.png"}
{"title": "validation", "subtitle": "验证", "arg": "2.2.5$%validation$%验证$%EN2zh-CHS$%$%",         "icon": "icon.png"}
{"title": "validatio", "subtitle": "validatio", "arg": "2.2.5$%validatio$%validatio$%EN2zh-CHS$%$%",         "icon": "icon.png"}
{"title": "validate", "subtitle": "验证", "arg": "2.2.5$%validate$%验证$%EN2zh-CHS$%$%",         "icon": "icon.png"}
{"title": "意见", "subtitle": "opinion", "arg": "2.2.5$%意见$%opinion$%zh-CHS2EN$%$%",         "icon": "icon.png"}
{"title": "意见反馈", "subtitle": "feedback", "arg": "2.2.5$%意见反馈$%feedback$%zh-CHS2EN$%$%",         "icon": "icon.png"}
{"title": "extraneous", "subtitle": "无关的", "arg": "2.2.5$%extraneous$%无关的$%EN2zh-CHS$%$%",         "icon": "icon.png"}
{"title": "solder", "subtitle": "焊料", "arg": "2.2.5$%solder$%焊料$%EN2zh-CHS$%$%",         "icon": "icon.png"}
{"title": "batch", "subtitle": "批处理", "arg": "2.2.5$%batch$%批处理$%EN2zh-CHS$%$%",         "icon": "icon.png"}
{"title": "indent", "subtitle": "缩进", "arg": "2.2.5$%indent$%缩进$%EN2zh-CHS$%$%",         "icon": "icon.png"}
{"title": "unimpaired", "subtitle": "未受损伤的", "arg": "2.2.5$%unimpaired$%未受损伤的$%EN2zh-CHS$%$%",         "icon": "icon.png"}
{"title": "e", "subtitle": "e", "arg": "2.2.5$%e$%e$%EN2zh-CHS$%$%",         "icon": "icon.png"}
{"title": "ecl", "subtitle": "发射极耦合逻辑", "arg": "2.2.5$%ecl$%发射极耦合逻辑$%EN2zh-CHS$%$%",         "icon": "icon.png"}
{"title": "ecle", "subtitle": "ecle", "arg": "2.2.5$%ecle$%ecle$%EN2zh-CHS$%$%",         "icon": "icon.png"}
{"title": "eclevel", "subtitle": "eclevel", "arg": "2.2.5$%eclevel$%eclevel$%EN2zh-CHS$%$%",         "icon": "icon.png"}
{"title": "estonian", "subtitle": "爱沙尼亚", "arg": "2.2.5$%estonian$%爱沙尼亚$%EN2zh-CHS$%$%",         "icon": "icon.png"}
{"title": "feature", "subtitle": "功能", "arg": "2.2.5$%feature$%功能$%EN2zh-CHS$%$%",         "icon": "icon.png"}
{"title": "c", "subtitle": "c", "arg": "2.2.5$%c$%c$%EN2zh-CHS$%$%",         "icon": "icon.png"}
{"title": "ch", "subtitle": "ch", "arg": "2.2.5$%ch$%ch$%EN2zh-CHS$%$%",         "icon": "icon.png"}
{"title": "c", "subtitle": "c", "arg": "2.2.5$%c$%c$%EN2zh-CHS$%$%",         "icon": "icon.png"}
{"title": "冲正", "subtitle": "Impact is", "arg": "2.2.5$%冲正$%Impact is$%zh-CHS2EN$%$%",         "icon": "icon.png"}
{"title": "s", "subtitle": "年代", "arg": "2.2.5$%s$%年代$%EN2zh-CHS$%$%",         "icon": "icon.png"}
{"title": "输入法", "subtitle": "The input method", "arg": "2.2.5$%输入法$%The input method$%zh-CHS2EN$%$%",         "icon": "icon.png"}
{"title": "inverted", "subtitle": "倒", "arg": "2.2.5$%inverted$%倒$%EN2zh-CHS$%$%",         "icon": "icon.png"}
{"title": "useful", "subtitle": "有用的", "arg": "2.2.5$%useful$%有用的$%EN2zh-CHS$%$%",         "icon": "icon.png"}
{"title": "a", "subtitle": "一个", "arg": "2.2.5$%a$%一个$%EN2zh-CHS$%$%",         "icon": "icon.png"}
{"title": "apple", "subtitle": "苹果", "arg": "2.2.5$%apple$%苹果$%EN2zh-CHS$%$%",         "icon": "icon.png"}
{"title": "dj", "subtitle": "dj", "arg": "2.2.5$%dj$%dj$%EN2zh-CHS$%$%",         "icon": "icon.png"}
{"title": "dj", "subtitle": "dj", "arg": "2.2.5$%dj$%dj$%EN2zh-CHS$%$%",         "icon": "icon.png"}
{"title": "沙雕", "subtitle": "Sand sculpture", "arg": "2.2.5$%沙雕$%Sand sculpture$%zh-CHS2EN$%$%",         "icon": "icon.png"}
{"title": "y", "subtitle": "y", "arg": "2.2.5$%y$%y$%EN2zh-CHS$%$%",         "icon": "icon.png"}
{"title": "余", "subtitle": "yu", "arg": "2.2.5$%余$%yu$%zh-CHS2EN$%$%",         "icon": "icon.png"}
{"title": "余额", "subtitle": "The balance of", "arg": "2.2.5$%余额$%The balance of$%zh-CHS2EN$%$%",         "icon": "icon.png"}
{"title": "月", "subtitle": "month", "arg": "2.2.5$%月$%month$%zh-CHS2EN$%$%",         "icon": "icon.png"}
{"title": "余额", "subtitle": "The balance of", "arg": "2.2.5$%余额$%The balance of$%zh-CHS2EN$%$%",         "icon": "icon.png"}
{"title": "fu", "subtitle": "福", "arg": "2.2.5$%fu$%福$%EN2zh-CHS$%$%",         "icon": "icon.png"}
{"title": "符号", "subtitle": "symbol", "arg": "2.2.5$%符号$%symbol$%zh-CHS2EN$%$%",         "icon": "icon.png"}
{"title": "defx", "subtitle": "德夫克斯", "arg": "2.2.5$%defx$%德夫克斯$%EN2zh-CHS$%$%",         "icon": "icon.png"}
{"title": "derive", "subtitle": "推导出", "arg": "2.2.5$%derive$%推导出$%EN2zh-CHS$%$%",         "icon": "icon.png"}
{"title": "man", "subtitle": "男人。", "arg": "2.2.5$%man$%男人。$%EN2zh-CHS$%$%",         "icon": "icon.png"}
{"title": "mandatory", "subtitle": "强制性的", "arg": "2.2.5$%mandatory$%强制性的$%EN2zh-CHS$%$%",         "icon": "icon.png"}
{"title": "se", "subtitle": "下去", "arg": "2.2.5$%se$%下去$%EN2zh-CHS$%$%",         "icon": "icon.png"}
{"title": "senior", "subtitle": "高级", "arg": "2.2.5$%senior$%高级$%EN2zh-CHS$%$%",         "icon": "icon.png"}
{"title": "bid", "subtitle": "报价", "arg": "2.2.5$%bid$%报价$%EN2zh-CHS$%$%",         "icon": "icon.png"}
{"title": "bidire", "subtitle": "bidire", "arg": "2.2.5$%bidire$%bidire$%EN2zh-CHS$%$%",         "icon": "icon.png"}
{"title": "bidirectional", "subtitle": "双向", "arg": "2.2.5$%bidirectional$%双向$%EN2zh-CHS$%$%",         "icon": "icon.png"}
{"title": "freeze", "subtitle": "冻结", "arg": "2.2.5$%freeze$%冻结$%EN2zh-CHS$%$%",         "icon": "icon.png"}
{"title": "pinch", "subtitle": "捏", "arg": "2.2.5$%pinch$%捏$%EN2zh-CHS$%$%",         "icon": "icon.png"}
{"title": "ginger", "subtitle": "姜", "arg": "2.2.5$%ginger$%姜$%EN2zh-CHS$%$%",         "icon": "icon.png"}
{"title": "semicolon", "subtitle": "分号", "arg": "2.2.5$%semicolon$%分号$%EN2zh-CHS$%$%",         "icon": "icon.png"}
{"title": "car", "subtitle": "车", "arg": "2.2.5$%car$%车$%EN2zh-CHS$%$%",         "icon": "icon.png"}
{"title": "caret", "subtitle": "护理", "arg": "2.2.5$%caret$%护理$%EN2zh-CHS$%$%",         "icon": "icon.png"}
{"title": "yank", "subtitle": "猛地一拉", "arg": "2.2.5$%yank$%猛地一拉$%EN2zh-CHS$%$%",         "icon": "icon.png"}
{"title": "兰博基尼", "subtitle": "lamborghini", "arg": "2.2.5$%兰博基尼$%lamborghini$%zh-CHS2EN$%$%",         "icon": "icon.png"}
{"title": "on", "subtitle": "在", "arg": "2.2.5$%on$%在$%EN2zh-CHS$%$%",         "icon": "icon.png"}
{"title": "once", "subtitle": "一次", "arg": "2.2.5$%once$%一次$%EN2zh-CHS$%$%",         "icon": "icon.png"}
{"title": "horny", "subtitle": "角质", "arg": "2.2.5$%horny$%角质$%EN2zh-CHS$%$%",         "icon": "icon.png"}
{"title": "tube", "subtitle": "管", "arg": "2.2.5$%tube$%管$%EN2zh-CHS$%$%",         "icon": "icon.png"}
{"title": "refund", "subtitle": "退款", "arg": "2.2.5$%refund$%退款$%EN2zh-CHS$%$%",         "icon": "icon.png"}
{"title": "karabiner", "subtitle": "霰弹枪", "arg": "2.2.5$%karabiner$%霰弹枪$%EN2zh-CHS$%$%",         "icon": "icon.png"}
{"title": "f", "subtitle": "f", "arg": "2.2.5$%f$%f$%EN2zh-CHS$%$%",         "icon": "icon.png"}
{"title": "free", "subtitle": "免费的", "arg": "2.2.5$%free$%免费的$%EN2zh-CHS$%$%",         "icon": "icon.png"}
{"title": "freelancer", "subtitle": "自由职业者", "arg": "2.2.5$%freelancer$%自由职业者$%EN2zh-CHS$%$%",         "icon": "icon.png"}
{"title": "ela", "subtitle": "她", "arg": "2.2.5$%ela$%她$%EN2zh-CHS$%$%",         "icon": "icon.png"}
{"title": "elastic", "subtitle": "弹性", "arg": "2.2.5$%elastic$%弹性$%EN2zh-CHS$%$%",         "icon": "icon.png"}
{"title": "sentinel", "subtitle": "哨兵", "arg": "2.2.5$%sentinel$%哨兵$%EN2zh-CHS$%$%",         "icon": "icon.png"}
{"title": "E", "subtitle": "E", "arg": "2.2.5$%E$%E$%EN2zh-CHS$%$%",         "icon": "icon.png"}
{"title": "elastic", "subtitle": "弹性", "arg": "2.2.5$%elastic$%弹性$%EN2zh-CHS$%$%",         "icon": "icon.png"}
{"title": "间隔", "subtitle": "interval", "arg": "2.2.5$%间隔$%interval$%zh-CHS2EN$%$%",         "icon": "icon.png"}
{"title": "b", "subtitle": "b", "arg": "2.2.5$%b$%b$%EN2zh-CHS$%$%",         "icon": "icon.png"}
{"title": "broker", "subtitle": "代理", "arg": "2.2.5$%broker$%代理$%EN2zh-CHS$%$%",         "icon": "icon.png"}
{"title": "partition", "subtitle": "分区", "arg": "2.2.5$%partition$%分区$%EN2zh-CHS$%$%",         "icon": "icon.png"}
{"title": "qa", "subtitle": "qa", "arg": "2.2.5$%qa$%qa$%EN2zh-CHS$%$%",         "icon": "icon.png"}
{"title": "shard", "subtitle": "碎片", "arg": "2.2.5$%shard$%碎片$%EN2zh-CHS$%$%",         "icon": "icon.png"}
{"title": "lucene", "subtitle": "lucene", "arg": "2.2.5$%lucene$%lucene$%EN2zh-CHS$%$%",         "icon": "icon.png"}
{"title": "非接", "subtitle": "Not pick up", "arg": "2.2.5$%非接$%Not pick up$%zh-CHS2EN$%$%",         "icon": "icon.png"}
{"title": "inh", "subtitle": "inh", "arg": "2.2.5$%inh$%inh$%EN2zh-CHS$%$%",         "icon": "icon.png"}
{"title": "inherit", "subtitle": "继承", "arg": "2.2.5$%inherit$%继承$%EN2zh-CHS$%$%",         "icon": "icon.png"}
{"title": "seni", "subtitle": "你", "arg": "2.2.5$%seni$%你$%EN2zh-CHS$%$%",         "icon": "icon.png"}
{"title": "senti", "subtitle": "听着", "arg": "2.2.5$%senti$%听着$%EN2zh-CHS$%$%",         "icon": "icon.png"}
{"title": "sentinel", "subtitle": "哨兵", "arg": "2.2.5$%sentinel$%哨兵$%EN2zh-CHS$%$%",         "icon": "icon.png"}
{"title": "动态", "subtitle": "dynamic", "arg": "2.2.5$%动态$%dynamic$%zh-CHS2EN$%$%",         "icon": "icon.png"}
{"title": "动态规划", "subtitle": "Dynamic programming", "arg": "2.2.5$%动态规划$%Dynamic programming$%zh-CHS2EN$%$%",         "icon": "icon.png"}
{"title": "fuzzy", "subtitle": "模糊", "arg": "2.2.5$%fuzzy$%模糊$%EN2zh-CHS$%$%",         "icon": "icon.png"}
{"title": "mono", "subtitle": "单核细胞增多症", "arg": "2.2.5$%mono$%单核细胞增多症$%EN2zh-CHS$%$%",         "icon": "icon.png"}
{"title": "monosp", "subtitle": "monosp", "arg": "2.2.5$%monosp$%monosp$%EN2zh-CHS$%$%",         "icon": "icon.png"}
{"title": "monospaced", "subtitle": "等宽", "arg": "2.2.5$%monospaced$%等宽$%EN2zh-CHS$%$%",         "icon": "icon.png"}
{"title": "pri", "subtitle": "之前", "arg": "2.2.5$%pri$%之前$%EN2zh-CHS$%$%",         "icon": "icon.png"}
{"title": "prifile", "subtitle": "prifile", "arg": "2.2.5$%prifile$%prifile$%EN2zh-CHS$%$%",         "icon": "icon.png"}
{"title": "prifileged", "subtitle": "prifileged", "arg": "2.2.5$%prifileged$%prifileged$%EN2zh-CHS$%$%",         "icon": "icon.png"}
{"title": "prifilege", "subtitle": "皮菲里格", "arg": "2.2.5$%prifilege$%皮菲里格$%EN2zh-CHS$%$%",         "icon": "icon.png"}
{"title": "pri", "subtitle": "之前", "arg": "2.2.5$%pri$%之前$%EN2zh-CHS$%$%",         "icon": "icon.png"}
{"title": "priv", "subtitle": "priv", "arg": "2.2.5$%priv$%priv$%EN2zh-CHS$%$%",         "icon": "icon.png"}
{"title": "privil", "subtitle": "privil", "arg": "2.2.5$%privil$%privil$%EN2zh-CHS$%$%",         "icon": "icon.png"}
{"title": "privileged", "subtitle": "享有特权的", "arg": "2.2.5$%privileged$%享有特权的$%EN2zh-CHS$%$%",         "icon": "icon.png"}
{"title": "haha", "subtitle": "哈哈", "arg": "2.2.5$%haha$%哈哈$%EN2zh-CHS$%$%",         "icon": "icon.png"}
{"title": "cenery", "subtitle": "森瑟斯", "arg": "2.2.5$%cenery$%森瑟斯$%EN2zh-CHS$%$%",         "icon": "icon.png"}
{"title": "cen", "subtitle": "岑", "arg": "2.2.5$%cen$%岑$%EN2zh-CHS$%$%",         "icon": "icon.png"}
{"title": "scen", "subtitle": "斯森", "arg": "2.2.5$%scen$%斯森$%EN2zh-CHS$%$%",         "icon": "icon.png"}
{"title": "scenery", "subtitle": "风景", "arg": "2.2.5$%scenery$%风景$%EN2zh-CHS$%$%",         "icon": "icon.png"}
{"title": "tree", "subtitle": "树", "arg": "2.2.5$%tree$%树$%EN2zh-CHS$%$%",         "icon": "icon.png"}
{"title": "treeify", "subtitle": "treeify", "arg": "2.2.5$%treeify$%treeify$%EN2zh-CHS$%$%",         "icon": "icon.png"}
{"title": "e", "subtitle": "e", "arg": "2.2.5$%e$%e$%EN2zh-CHS$%$%",         "icon": "icon.png"}
{"title": "er", "subtitle": "是", "arg": "2.2.5$%er$%是$%EN2zh-CHS$%$%",         "icon": "icon.png"}
{"title": "era", "subtitle": "是", "arg": "2.2.5$%era$%是$%EN2zh-CHS$%$%",         "icon": "icon.png"}
{"title": "eraser", "subtitle": "橡皮擦", "arg": "2.2.5$%eraser$%橡皮擦$%EN2zh-CHS$%$%",         "icon": "icon.png"}
{"title": "eras", "subtitle": "时代", "arg": "2.2.5$%eras$%时代$%EN2zh-CHS$%$%",         "icon": "icon.png"}
{"title": "erasue", "subtitle": "erasue", "arg": "2.2.5$%erasue$%erasue$%EN2zh-CHS$%$%",         "icon": "icon.png"}
{"title": "constant", "subtitle": "常数", "arg": "2.2.5$%constant$%常数$%EN2zh-CHS$%$%",         "icon": "icon.png"}
{"title": "constance", "subtitle": "康斯坦斯", "arg": "2.2.5$%constance$%康斯坦斯$%EN2zh-CHS$%$%",         "icon": "icon.png"}
{"title": "二叉树", "subtitle": "Binary tree", "arg": "2.2.5$%二叉树$%Binary tree$%zh-CHS2EN$%$%",         "icon": "icon.png"}
{"title": "ex", "subtitle": "前女友", "arg": "2.2.5$%ex$%前女友$%EN2zh-CHS$%$%",         "icon": "icon.png"}
{"title": "execute", "subtitle": "执行", "arg": "2.2.5$%execute$%执行$%EN2zh-CHS$%$%",         "icon": "icon.png"}
{"title": "thre", "subtitle": "大意:", "arg": "2.2.5$%thre$%大意:$%EN2zh-CHS$%$%",         "icon": "icon.png"}
{"title": "threshold", "subtitle": "阈值", "arg": "2.2.5$%threshold$%阈值$%EN2zh-CHS$%$%",         "icon": "icon.png"}
{"title": "压缩", "subtitle": "The compression", "arg": "2.2.5$%压缩$%The compression$%zh-CHS2EN$%$%",         "icon": "icon.png"}
{"title": "md", "subtitle": "医学博士", "arg": "2.2.5$%md$%医学博士$%EN2zh-CHS$%$%",         "icon": "icon.png"}
{"title": "mod", "subtitle": "对", "arg": "2.2.5$%mod$%对$%EN2zh-CHS$%$%",         "icon": "icon.png"}
{"title": "fe", "subtitle": "菲", "arg": "2.2.5$%fe$%菲$%EN2zh-CHS$%$%",         "icon": "icon.png"}
{"title": "废纸口", "subtitle": "Waste paper mouth", "arg": "2.2.5$%废纸口$%Waste paper mouth$%zh-CHS2EN$%$%",         "icon": "icon.png"}
{"title": "feizh", "subtitle": "费日", "arg": "2.2.5$%feizh$%费日$%EN2zh-CHS$%$%",         "icon": "icon.png"}
{"title": "废纸", "subtitle": "Waste paper", "arg": "2.2.5$%废纸$%Waste paper$%zh-CHS2EN$%$%",         "icon": "icon.png"}
{"title": "废纸篓", "subtitle": "Waste paper basket", "arg": "2.2.5$%废纸篓$%Waste paper basket$%zh-CHS2EN$%$%",         "icon": "icon.png"}
{"title": "废纸", "subtitle": "Waste paper", "arg": "2.2.5$%废纸$%Waste paper$%zh-CHS2EN$%$%",         "icon": "icon.png"}
{"title": "羊毛", "subtitle": "wool", "arg": "2.2.5$%羊毛$%wool$%zh-CHS2EN$%$%",         "icon": "icon.png"}
{"title": "羊毛", "subtitle": "wool", "arg": "2.2.5$%羊毛$%wool$%zh-CHS2EN$%$%",         "icon": "icon.png"}
{"title": "wool god", "subtitle": "羊毛的神", "arg": "2.2.5$%wool god$%羊毛的神$%EN2zh-CHS$%$%",         "icon": "icon.png"}
{"title": "hz", "subtitle": "赫兹", "arg": "2.2.5$%hz$%赫兹$%EN2zh-CHS$%$%",         "icon": "icon.png"}
{"title": "her", "subtitle": "她的", "arg": "2.2.5$%her$%她的$%EN2zh-CHS$%$%",         "icon": "icon.png"}
{"title": "hertz", "subtitle": "赫兹", "arg": "2.2.5$%hertz$%赫兹$%EN2zh-CHS$%$%",         "icon": "icon.png"}
{"title": "jis", "subtitle": "Jis", "arg": "2.2.5$%jis$%Jis$%EN2zh-CHS$%$%",         "icon": "icon.png"}
{"title": "计算机", "subtitle": "The computer", "arg": "2.2.5$%计算机$%The computer$%zh-CHS2EN$%$%",         "icon": "icon.png"}
{"title": "计算机学院", "subtitle": "School of Computer Science", "arg": "2.2.5$%计算机学院$%School of Computer Science$%zh-CHS2EN$%$%",         "icon": "icon.png"}
{"title": "计算机", "subtitle": "The computer", "arg": "2.2.5$%计算机$%The computer$%zh-CHS2EN$%$%",         "icon": "icon.png"}
{"title": "计算机专业", "subtitle": "Computer science", "arg": "2.2.5$%计算机专业$%Computer science$%zh-CHS2EN$%$%",         "icon": "icon.png"}
{"title": "majour", "subtitle": "majour", "arg": "2.2.5$%majour$%majour$%EN2zh-CHS$%$%",         "icon": "icon.png"}
{"title": "ma", "subtitle": "但", "arg": "2.2.5$%ma$%但$%EN2zh-CHS$%$%",         "icon": "icon.png"}
{"title": "ja", "subtitle": "和", "arg": "2.2.5$%ja$%和$%EN2zh-CHS$%$%",         "icon": "icon.png"}
{"title": "幻夜", "subtitle": "Magic night", "arg": "2.2.5$%幻夜$%Magic night$%zh-CHS2EN$%$%",         "icon": "icon.png"}
{"title": "专业", "subtitle": "professional", "arg": "2.2.5$%专业$%professional$%zh-CHS2EN$%$%",         "icon": "icon.png"}
{"title": "bravo", "subtitle": "布拉沃", "arg": "2.2.5$%bravo$%布拉沃$%EN2zh-CHS$%$%",         "icon": "icon.png"}
{"title": "s", "subtitle": "年代", "arg": "2.2.5$%s$%年代$%EN2zh-CHS$%$%",         "icon": "icon.png"}
{"title": "算法", "subtitle": "algorithm", "arg": "2.2.5$%算法$%algorithm$%zh-CHS2EN$%$%",         "icon": "icon.png"}
{"title": "汉诺塔", "subtitle": "Hanoi", "arg": "2.2.5$%汉诺塔$%Hanoi$%zh-CHS2EN$%$%",         "icon": "icon.png"}
{"title": "3", "subtitle": "3", "arg": "2.2.5$%3$%3$%EN2zh-CHS$%$%",         "icon": "icon.png"}
{"title": "30", "subtitle": "30", "arg": "2.2.5$%30$%30$%EN2zh-CHS$%$%",         "icon": "icon.png"}
{"title": "30000", "subtitle": "30000", "arg": "2.2.5$%30000$%30000$%EN2zh-CHS$%$%",         "icon": "icon.png"}
{"title": "30000/", "subtitle": "30000 /", "arg": "2.2.5$%30000/$%30000 /$%EN2zh-CHS$%$%",         "icon": "icon.png"}
{"title": "30000/22", "subtitle": "30000/22", "arg": "2.2.5$%30000/22$%30000/22$%EN2zh-CHS$%$%",         "icon": "icon.png"}
{"title": "k", "subtitle": "k", "arg": "2.2.5$%k$%k$%EN2zh-CHS$%$%",         "icon": "icon.png"}
{"title": "knaps", "subtitle": "knaps", "arg": "2.2.5$%knaps$%knaps$%EN2zh-CHS$%$%",         "icon": "icon.png"}
{"title": "knapsack", "subtitle": "背包", "arg": "2.2.5$%knapsack$%背包$%EN2zh-CHS$%$%",         "icon": "icon.png"}
{"title": "co", "subtitle": "公司", "arg": "2.2.5$%co$%公司$%EN2zh-CHS$%$%",         "icon": "icon.png"}
{"title": "ch", "subtitle": "我", "arg": "2.2.5$%ch$%我$%EN2zh-CHS$%$%",         "icon": "icon.png"}
{"title": "冲突", "subtitle": "conflict", "arg": "2.2.5$%冲突$%conflict$%zh-CHS2EN$%$%",         "icon": "icon.png"}
{"title": "ci", "subtitle": "我们", "arg": "2.2.5$%ci$%我们$%EN2zh-CHS$%$%",         "icon": "icon.png"}
{"title": "刺头龙", "subtitle": "Tartar dragon", "arg": "2.2.5$%刺头龙$%Tartar dragon$%zh-CHS2EN$%$%",         "icon": "icon.png"}
{"title": "play for", "subtitle": "为", "arg": "2.2.5$%play for$%为$%EN2zh-CHS$%$%",         "icon": "icon.png"}
{"title": "cs", "subtitle": "cs", "arg": "2.2.5$%cs$%cs$%EN2zh-CHS$%$%",         "icon": "icon.png"}
{"title": "vertx", "subtitle": "vertx", "arg": "2.2.5$%vertx$%vertx$%EN2zh-CHS$%$%",         "icon": "icon.png"}
{"title": "ver", "subtitle": "韦尔", "arg": "2.2.5$%ver$%韦尔$%EN2zh-CHS$%$%",         "icon": "icon.png"}
{"title": "vertex", "subtitle": "顶点", "arg": "2.2.5$%vertex$%顶点$%EN2zh-CHS$%$%",         "icon": "icon.png"}
{"title": "ver", "subtitle": "韦尔", "arg": "2.2.5$%ver$%韦尔$%EN2zh-CHS$%$%",         "icon": "icon.png"}
{"title": "vertex", "subtitle": "顶点", "arg": "2.2.5$%vertex$%顶点$%EN2zh-CHS$%$%",         "icon": "icon.png"}
{"title": "que", "subtitle": "要", "arg": "2.2.5$%que$%要$%EN2zh-CHS$%$%",         "icon": "icon.png"}
{"title": "queli", "subtitle": "奎利", "arg": "2.2.5$%queli$%奎利$%EN2zh-CHS$%$%",         "icon": "icon.png"}
{"title": "quelifier", "subtitle": "quelifier", "arg": "2.2.5$%quelifier$%quelifier$%EN2zh-CHS$%$%",         "icon": "icon.png"}
{"title": "qualifier", "subtitle": "限定符", "arg": "2.2.5$%qualifier$%限定符$%EN2zh-CHS$%$%",         "icon": "icon.png"}
{"title": "尸体", "subtitle": "The body", "arg": "2.2.5$%尸体$%The body$%zh-CHS2EN$%$%",         "icon": "icon.png"}
{"title": "deduce", "subtitle": "推断出", "arg": "2.2.5$%deduce$%推断出$%EN2zh-CHS$%$%",         "icon": "icon.png"}
{"title": "m", "subtitle": "米", "arg": "2.2.5$%m$%米$%EN2zh-CHS$%$%",         "icon": "icon.png"}
{"title": "mutton", "subtitle": "羊肉", "arg": "2.2.5$%mutton$%羊肉$%EN2zh-CHS$%$%",         "icon": "icon.png"}
{"title": "羊毛", "subtitle": "wool", "arg": "2.2.5$%羊毛$%wool$%zh-CHS2EN$%$%",         "icon": "icon.png"}
{"title": "Woo", "subtitle": "吸引", "arg": "2.2.5$%Woo$%吸引$%EN2zh-CHS$%$%",         "icon": "icon.png"}
{"title": "Wool", "subtitle": "羊毛", "arg": "2.2.5$%Wool$%羊毛$%EN2zh-CHS$%$%",         "icon": "icon.png"}
{"title": "Wool GOD", "subtitle": "羊毛的神", "arg": "2.2.5$%Wool GOD$%羊毛的神$%EN2zh-CHS$%$%",         "icon": "icon.png"}
{"title": "Wool G", "subtitle": "羊毛G", "arg": "2.2.5$%Wool G$%羊毛G$%EN2zh-CHS$%$%",         "icon": "icon.png"}
{"title": "Wool God", "subtitle": "羊毛的神", "arg": "2.2.5$%Wool God$%羊毛的神$%EN2zh-CHS$%$%",         "icon": "icon.png"}
{"title": "羊毛", "subtitle": "wool", "arg": "2.2.5$%羊毛$%wool$%zh-CHS2EN$%$%",         "icon": "icon.png"}
{"title": "生产", "subtitle": "production", "arg": "2.2.5$%生产$%production$%zh-CHS2EN$%$%",         "icon": "icon.png"}
{"title": "vanced", "subtitle": "每天", "arg": "2.2.5$%vanced$%每天$%EN2zh-CHS$%$%",         "icon": "icon.png"}
{"title": "parentheses", "subtitle": "括号", "arg": "2.2.5$%parentheses$%括号$%EN2zh-CHS$%$%",         "icon": "icon.png"}
{"title": "ad", "subtitle": "的", "arg": "2.2.5$%ad$%的$%EN2zh-CHS$%$%",         "icon": "icon.png"}
{"title": "adorn", "subtitle": "装饰", "arg": "2.2.5$%adorn$%装饰$%EN2zh-CHS$%$%",         "icon": "icon.png"}
{"title": "bucket", "subtitle": "桶", "arg": "2.2.5$%bucket$%桶$%EN2zh-CHS$%$%",         "icon": "icon.png"}
{"title": "variant", "subtitle": "变体", "arg": "2.2.5$%variant$%变体$%EN2zh-CHS$%$%",         "icon": "icon.png"}
{"title": "discard", "subtitle": "丢弃", "arg": "2.2.5$%discard$%丢弃$%EN2zh-CHS$%$%",         "icon": "icon.png"}
{"title": "constr", "subtitle": "康斯特", "arg": "2.2.5$%constr$%康斯特$%EN2zh-CHS$%$%",         "icon": "icon.png"}
{"title": "constraint", "subtitle": "约束", "arg": "2.2.5$%constraint$%约束$%EN2zh-CHS$%$%",         "icon": "icon.png"}
{"title": "spu", "subtitle": "Spu", "arg": "2.2.5$%spu$%Spu$%EN2zh-CHS$%$%",         "icon": "icon.png"}
{"title": "SPU", "subtitle": "Spu", "arg": "2.2.5$%SPU$%Spu$%EN2zh-CHS$%$%",         "icon": "icon.png"}
{"title": "apple", "subtitle": "苹果", "arg": "2.2.5$%apple$%苹果$%EN2zh-CHS$%$%",         "icon": "icon.png"}
{"title": "in", "subtitle": "在", "arg": "2.2.5$%in$%在$%EN2zh-CHS$%$%",         "icon": "icon.png"}
{"title": "in preference", "subtitle": "在偏好", "arg": "2.2.5$%in preference$%在偏好$%EN2zh-CHS$%$%",         "icon": "icon.png"}
{"title": "volatile", "subtitle": "挥发性", "arg": "2.2.5$%volatile$%挥发性$%EN2zh-CHS$%$%",         "icon": "icon.png"}
{"title": "c", "subtitle": "c", "arg": "2.2.5$%c$%c$%EN2zh-CHS$%$%",         "icon": "icon.png"}
{"title": "reduction", "subtitle": "减少", "arg": "2.2.5$%reduction$%减少$%EN2zh-CHS$%$%",         "icon": "icon.png"}
{"title": "panther", "subtitle": "豹", "arg": "2.2.5$%panther$%豹$%EN2zh-CHS$%$%",         "icon": "icon.png"}
{"title": "buk", "subtitle": "布克", "arg": "2.2.5$%buk$%布克$%EN2zh-CHS$%$%",         "icon": "icon.png"}
{"title": "bulk", "subtitle": "散装", "arg": "2.2.5$%bulk$%散装$%EN2zh-CHS$%$%",         "icon": "icon.png"}
{"title": "bo", "subtitle": "博", "arg": "2.2.5$%bo$%博$%EN2zh-CHS$%$%",         "icon": "icon.png"}
{"title": "bool", "subtitle": "保龄球", "arg": "2.2.5$%bool$%保龄球$%EN2zh-CHS$%$%",         "icon": "icon.png"}
{"title": "a", "subtitle": "一个", "arg": "2.2.5$%a$%一个$%EN2zh-CHS$%$%",         "icon": "icon.png"}
{"title": "ag", "subtitle": "帐户", "arg": "2.2.5$%ag$%帐户$%EN2zh-CHS$%$%",         "icon": "icon.png"}
{"title": "aggregation", "subtitle": "聚合", "arg": "2.2.5$%aggregation$%聚合$%EN2zh-CHS$%$%",         "icon": "icon.png"}
{"title": "lucene", "subtitle": "lucene", "arg": "2.2.5$%lucene$%lucene$%EN2zh-CHS$%$%",         "icon": "icon.png"}
{"title": "address", "subtitle": "地址", "arg": "2.2.5$%address$%地址$%EN2zh-CHS$%$%",         "icon": "icon.png"}
{"title": "nested", "subtitle": "嵌套的", "arg": "2.2.5$%nested$%嵌套的$%EN2zh-CHS$%$%",         "icon": "icon.png"}
{"title": "Facade", "subtitle": "外观", "arg": "2.2.5$%Facade$%外观$%EN2zh-CHS$%$%",         "icon": "icon.png"}
{"title": "hessian", "subtitle": "黑森", "arg": "2.2.5$%hessian$%黑森$%EN2zh-CHS$%$%",         "icon": "icon.png"}
{"title": "he", "subtitle": "他", "arg": "2.2.5$%he$%他$%EN2zh-CHS$%$%",         "icon": "icon.png"}
{"title": "hessian", "subtitle": "黑森", "arg": "2.2.5$%hessian$%黑森$%EN2zh-CHS$%$%",         "icon": "icon.png"}
{"title": "catelog", "subtitle": "卡特洛格", "arg": "2.2.5$%catelog$%卡特洛格$%EN2zh-CHS$%$%",         "icon": "icon.png"}
{"title": "cata", "subtitle": "?", "arg": "2.2.5$%cata$%?$%EN2zh-CHS$%$%",         "icon": "icon.png"}
{"title": "catalog", "subtitle": "目录", "arg": "2.2.5$%catalog$%目录$%EN2zh-CHS$%$%",         "icon": "icon.png"}
{"title": "ca", "subtitle": "作为", "arg": "2.2.5$%ca$%作为$%EN2zh-CHS$%$%",         "icon": "icon.png"}
{"title": "catalog", "subtitle": "目录", "arg": "2.2.5$%catalog$%目录$%EN2zh-CHS$%$%",         "icon": "icon.png"}
{"title": "cat", "subtitle": "猫", "arg": "2.2.5$%cat$%猫$%EN2zh-CHS$%$%",         "icon": "icon.png"}
{"title": "category", "subtitle": "类别", "arg": "2.2.5$%category$%类别$%EN2zh-CHS$%$%",         "icon": "icon.png"}
{"title": "reentrant", "subtitle": "可重入", "arg": "2.2.5$%reentrant$%可重入$%EN2zh-CHS$%$%",         "icon": "icon.png"}
{"title": "reentrant", "subtitle": "可重入", "arg": "2.2.5$%reentrant$%可重入$%EN2zh-CHS$%$%",         "icon": "icon.png"}
{"title": "ttl", "subtitle": "ttl", "arg": "2.2.5$%ttl$%ttl$%EN2zh-CHS$%$%",         "icon": "icon.png"}
{"title": "老总", "subtitle": "Boss,", "arg": "2.2.5$%老总$%Boss,$%zh-CHS2EN$%$%",         "icon": "icon.png"}
{"title": "R", "subtitle": "R", "arg": "2.2.5$%R$%R$%EN2zh-CHS$%$%",         "icon": "icon.png"}
{"title": "Ring Boss", "subtitle": "环的老板", "arg": "2.2.5$%Ring Boss$%环的老板$%EN2zh-CHS$%$%",         "icon": "icon.png"}
{"title": "mu", "subtitle": "是", "arg": "2.2.5$%mu$%是$%EN2zh-CHS$%$%",         "icon": "icon.png"}
{"title": "mutual", "subtitle": "相互", "arg": "2.2.5$%mutual$%相互$%EN2zh-CHS$%$%",         "icon": "icon.png"}
{"title": "stamped", "subtitle": "印", "arg": "2.2.5$%stamped$%印$%EN2zh-CHS$%$%",         "icon": "icon.png"}
{"title": "imp", "subtitle": "小鬼", "arg": "2.2.5$%imp$%小鬼$%EN2zh-CHS$%$%",         "icon": "icon.png"}
{"title": "imperative", "subtitle": "必要的", "arg": "2.2.5$%imperative$%必要的$%EN2zh-CHS$%$%",         "icon": "icon.png"}
{"title": "s", "subtitle": "年代", "arg": "2.2.5$%s$%年代$%EN2zh-CHS$%$%",         "icon": "icon.png"}
{"title": "schedu", "subtitle": "售后服务", "arg": "2.2.5$%schedu$%售后服务$%EN2zh-CHS$%$%",         "icon": "icon.png"}
{"title": "schedul", "subtitle": "schedul", "arg": "2.2.5$%schedul$%schedul$%EN2zh-CHS$%$%",         "icon": "icon.png"}
{"title": "scheduler", "subtitle": "调度器", "arg": "2.2.5$%scheduler$%调度器$%EN2zh-CHS$%$%",         "icon": "icon.png"}
{"title": "t", "subtitle": "t", "arg": "2.2.5$%t$%t$%EN2zh-CHS$%$%",         "icon": "icon.png"}
{"title": "te", "subtitle": "你", "arg": "2.2.5$%te$%你$%EN2zh-CHS$%$%",         "icon": "icon.png"}
{"title": "tenant", "subtitle": "租户", "arg": "2.2.5$%tenant$%租户$%EN2zh-CHS$%$%",         "icon": "icon.png"}
{"title": "di", "subtitle": "的", "arg": "2.2.5$%di$%的$%EN2zh-CHS$%$%",         "icon": "icon.png"}
{"title": "digits", "subtitle": "数字", "arg": "2.2.5$%digits$%数字$%EN2zh-CHS$%$%",         "icon": "icon.png"}
{"title": "ge", "subtitle": "通用 电气", "arg": "2.2.5$%ge$%通用 电气$%EN2zh-CHS$%$%",         "icon": "icon.png"}
{"title": "regi", "subtitle": "雷吉", "arg": "2.2.5$%regi$%雷吉$%EN2zh-CHS$%$%",         "icon": "icon.png"}
{"title": "region", "subtitle": "地区", "arg": "2.2.5$%region$%地区$%EN2zh-CHS$%$%",         "icon": "icon.png"}
{"title": "r", "subtitle": "r", "arg": "2.2.5$%r$%r$%EN2zh-CHS$%$%",         "icon": "icon.png"}
{"title": "redee", "subtitle": "原因", "arg": "2.2.5$%redee$%原因$%EN2zh-CHS$%$%",         "icon": "icon.png"}
{"title": "redeem", "subtitle": "赎回", "arg": "2.2.5$%redeem$%赎回$%EN2zh-CHS$%$%",         "icon": "icon.png"}
{"title": "redeem your di", "subtitle": "救赎你的迪", "arg": "2.2.5$%redeem your di$%救赎你的迪$%EN2zh-CHS$%$%",         "icon": "icon.png"}
{"title": "redeem your dignity", "subtitle": "救赎你的尊严", "arg": "2.2.5$%redeem your dignity$%救赎你的尊严$%EN2zh-CHS$%$%",         "icon": "icon.png"}
{"title": "挽回", "subtitle": "save", "arg": "2.2.5$%挽回$%save$%zh-CHS2EN$%$%",         "icon": "icon.png"}
{"title": "挽回你的", "subtitle": "Save your", "arg": "2.2.5$%挽回你的$%Save your$%zh-CHS2EN$%$%",         "icon": "icon.png"}
{"title": "挽回你的尊严", "subtitle": "Save your dignity", "arg": "2.2.5$%挽回你的尊严$%Save your dignity$%zh-CHS2EN$%$%",         "icon": "icon.png"}
{"title": "代表", "subtitle": "On behalf of", "arg": "2.2.5$%代表$%On behalf of$%zh-CHS2EN$%$%",         "icon": "icon.png"}
{"title": "被代表", "subtitle": "Be on behalf of", "arg": "2.2.5$%被代表$%Be on behalf of$%zh-CHS2EN$%$%",         "icon": "icon.png"}
{"title": "flip", "subtitle": "翻转", "arg": "2.2.5$%flip$%翻转$%EN2zh-CHS$%$%",         "icon": "icon.png"}
{"title": "lead", "subtitle": "铅", "arg": "2.2.5$%lead$%铅$%EN2zh-CHS$%$%",         "icon": "icon.png"}
{"title": "facet", "subtitle": "家伙", "arg": "2.2.5$%facet$%家伙$%EN2zh-CHS$%$%",         "icon": "icon.png"}
{"title": "facets", "subtitle": "方面", "arg": "2.2.5$%facets$%方面$%EN2zh-CHS$%$%",         "icon": "icon.png"}
{"title": "detail", "subtitle": "细节", "arg": "2.2.5$%detail$%细节$%EN2zh-CHS$%$%",         "icon": "icon.png"}
{"title": "scavenge", "subtitle": "清除", "arg": "2.2.5$%scavenge$%清除$%EN2zh-CHS$%$%",         "icon": "icon.png"}
{"title": "par", "subtitle": "由", "arg": "2.2.5$%par$%由$%EN2zh-CHS$%$%",         "icon": "icon.png"}
{"title": "parent", "subtitle": "父", "arg": "2.2.5$%parent$%父$%EN2zh-CHS$%$%",         "icon": "icon.png"}
{"title": "parenth", "subtitle": "parenth", "arg": "2.2.5$%parenth$%parenth$%EN2zh-CHS$%$%",         "icon": "icon.png"}
{"title": "parenthe", "subtitle": "parenthe", "arg": "2.2.5$%parenthe$%parenthe$%EN2zh-CHS$%$%",         "icon": "icon.png"}
{"title": "parenthesis", "subtitle": "括号", "arg": "2.2.5$%parenthesis$%括号$%EN2zh-CHS$%$%",         "icon": "icon.png"}
{"title": "fac", "subtitle": "做", "arg": "2.2.5$%fac$%做$%EN2zh-CHS$%$%",         "icon": "icon.png"}
{"title": "facet", "subtitle": "家伙", "arg": "2.2.5$%facet$%家伙$%EN2zh-CHS$%$%",         "icon": "icon.png"}
{"title": "freeze", "subtitle": "冻结", "arg": "2.2.5$%freeze$%冻结$%EN2zh-CHS$%$%",         "icon": "icon.png"}
{"title": "重构", "subtitle": "refactoring", "arg": "2.2.5$%重构$%refactoring$%zh-CHS2EN$%$%",         "icon": "icon.png"}
{"title": "重构", "subtitle": "refactoring", "arg": "2.2.5$%重构$%refactoring$%zh-CHS2EN$%$%",         "icon": "icon.png"}
{"title": "patner", "subtitle": "搭档", "arg": "2.2.5$%patner$%搭档$%EN2zh-CHS$%$%",         "icon": "icon.png"}
{"title": "pa", "subtitle": "pa", "arg": "2.2.5$%pa$%pa$%EN2zh-CHS$%$%",         "icon": "icon.png"}
{"title": "part", "subtitle": "部分", "arg": "2.2.5$%part$%部分$%EN2zh-CHS$%$%",         "icon": "icon.png"}
{"title": "partner", "subtitle": "合作伙伴", "arg": "2.2.5$%partner$%合作伙伴$%EN2zh-CHS$%$%",         "icon": "icon.png"}
{"title": "pa", "subtitle": "pa", "arg": "2.2.5$%pa$%pa$%EN2zh-CHS$%$%",         "icon": "icon.png"}
{"title": "patner", "subtitle": "搭档", "arg": "2.2.5$%patner$%搭档$%EN2zh-CHS$%$%",         "icon": "icon.png"}
{"title": "白名单", "subtitle": "White list", "arg": "2.2.5$%白名单$%White list$%zh-CHS2EN$%$%",         "icon": "icon.png"}
{"title": "调用", "subtitle": "call", "arg": "2.2.5$%调用$%call$%zh-CHS2EN$%$%",         "icon": "icon.png"}
{"title": "fid", "subtitle": "裂", "arg": "2.2.5$%fid$%裂$%EN2zh-CHS$%$%",         "icon": "icon.png"}
{"title": "fiel", "subtitle": "忠诚", "arg": "2.2.5$%fiel$%忠诚$%EN2zh-CHS$%$%",         "icon": "icon.png"}
{"title": "field", "subtitle": "场", "arg": "2.2.5$%field$%场$%EN2zh-CHS$%$%",         "icon": "icon.png"}
{"title": "堡垒", "subtitle": "The fortress", "arg": "2.2.5$%堡垒$%The fortress$%zh-CHS2EN$%$%",         "icon": "icon.png"}
{"title": "re", "subtitle": "再保险", "arg": "2.2.5$%re$%再保险$%EN2zh-CHS$%$%",         "icon": "icon.png"}
{"title": "region", "subtitle": "地区", "arg": "2.2.5$%region$%地区$%EN2zh-CHS$%$%",         "icon": "icon.png"}
{"title": "hungyr", "subtitle": "hungyr", "arg": "2.2.5$%hungyr$%hungyr$%EN2zh-CHS$%$%",         "icon": "icon.png"}
{"title": "hung", "subtitle": "挂", "arg": "2.2.5$%hung$%挂$%EN2zh-CHS$%$%",         "icon": "icon.png"}
{"title": "hungry", "subtitle": "饿了", "arg": "2.2.5$%hungry$%饿了$%EN2zh-CHS$%$%",         "icon": "icon.png"}
{"title": "hung", "subtitle": "挂", "arg": "2.2.5$%hung$%挂$%EN2zh-CHS$%$%",         "icon": "icon.png"}
{"title": "Bavaria", "subtitle": "巴伐利亚", "arg": "2.2.5$%Bavaria$%巴伐利亚$%EN2zh-CHS$%$%",         "icon": "icon.png"}
{"title": "y", "subtitle": "y", "arg": "2.2.5$%y$%y$%EN2zh-CHS$%$%",         "icon": "icon.png"}
{"title": "一卡通", "subtitle": "One cartoon", "arg": "2.2.5$%一卡通$%One cartoon$%zh-CHS2EN$%$%",         "icon": "icon.png"}
{"title": "specify", "subtitle": "指定", "arg": "2.2.5$%specify$%指定$%EN2zh-CHS$%$%",         "icon": "icon.png"}
{"title": "beteran", "subtitle": "beteran", "arg": "2.2.5$%beteran$%beteran$%EN2zh-CHS$%$%",         "icon": "icon.png"}
{"title": "vt", "subtitle": "Vt", "arg": "2.2.5$%vt$%Vt$%EN2zh-CHS$%$%",         "icon": "icon.png"}
{"title": "veteran", "subtitle": "经验丰富的", "arg": "2.2.5$%veteran$%经验丰富的$%EN2zh-CHS$%$%",         "icon": "icon.png"}
{"title": "every", "subtitle": "每一个", "arg": "2.2.5$%every$%每一个$%EN2zh-CHS$%$%",         "icon": "icon.png"}
{"title": "everything", "subtitle": "一切", "arg": "2.2.5$%everything$%一切$%EN2zh-CHS$%$%",         "icon": "icon.png"}
{"title": "every thing", "subtitle": "每一件事", "arg": "2.2.5$%every thing$%每一件事$%EN2zh-CHS$%$%",         "icon": "icon.png"}
{"title": "everything", "subtitle": "一切", "arg": "2.2.5$%everything$%一切$%EN2zh-CHS$%$%",         "icon": "icon.png"}
{"title": "arn", "subtitle": "在攻击", "arg": "2.2.5$%arn$%在攻击$%EN2zh-CHS$%$%",         "icon": "icon.png"}
{"title": "arn't", "subtitle": "是不", "arg": "2.2.5$%arn't$%是不$%EN2zh-CHS$%$%",         "icon": "icon.png"}
{"title": "gran", "subtitle": "大", "arg": "2.2.5$%gran$%大$%EN2zh-CHS$%$%",         "icon": "icon.png"}
{"title": "granted", "subtitle": "授予", "arg": "2.2.5$%granted$%授予$%EN2zh-CHS$%$%",         "icon": "icon.png"}
{"title": "理所应当的", "subtitle": "Of course", "arg": "2.2.5$%理所应当的$%Of course$%zh-CHS2EN$%$%",         "icon": "icon.png"}
{"title": "swap", "subtitle": "交换", "arg": "2.2.5$%swap$%交换$%EN2zh-CHS$%$%",         "icon": "icon.png"}
{"title": "extractor", "subtitle": "器", "arg": "2.2.5$%extractor$%器$%EN2zh-CHS$%$%",         "icon": "icon.png"}
{"title": "递归", "subtitle": "recursive", "arg": "2.2.5$%递归$%recursive$%zh-CHS2EN$%$%",         "icon": "icon.png"}
{"title": "volatile", "subtitle": "挥发性", "arg": "2.2.5$%volatile$%挥发性$%EN2zh-CHS$%$%",         "icon": "icon.png"}
{"title": "laura", "subtitle": "劳拉", "arg": "2.2.5$%laura$%劳拉$%EN2zh-CHS$%$%",         "icon": "icon.png"}
{"title": "lao", "subtitle": "老挝", "arg": "2.2.5$%lao$%老挝$%EN2zh-CHS$%$%",         "icon": "icon.png"}
{"title": "老啦", "subtitle": "The old!", "arg": "2.2.5$%老啦$%The old!$%zh-CHS2EN$%$%",         "icon": "icon.png"}
{"title": "introspected", "subtitle": "进行自检", "arg": "2.2.5$%introspected$%进行自检$%EN2zh-CHS$%$%",         "icon": "icon.png"}
{"title": "t", "subtitle": "t", "arg": "2.2.5$%t$%t$%EN2zh-CHS$%$%",         "icon": "icon.png"}
{"title": "taro", "subtitle": "芋头", "arg": "2.2.5$%taro$%芋头$%EN2zh-CHS$%$%",         "icon": "icon.png"}
{"title": "slave", "subtitle": "奴隶", "arg": "2.2.5$%slave$%奴隶$%EN2zh-CHS$%$%",         "icon": "icon.png"}
{"title": "butcher", "subtitle": "屠夫", "arg": "2.2.5$%butcher$%屠夫$%EN2zh-CHS$%$%",         "icon": "icon.png"}
{"title": "yeet", "subtitle": "耶特", "arg": "2.2.5$%yeet$%耶特$%EN2zh-CHS$%$%",         "icon": "icon.png"}
{"title": "弄懂", "subtitle": "understand", "arg": "2.2.5$%弄懂$%understand$%zh-CHS2EN$%$%",         "icon": "icon.png"}
{"title": "may", "subtitle": "五月", "arg": "2.2.5$%may$%五月$%EN2zh-CHS$%$%",         "icon": "icon.png"}
{"title": "audit", "subtitle": "审计", "arg": "2.2.5$%audit$%审计$%EN2zh-CHS$%$%",         "icon": "icon.png"}
{"title": "l", "subtitle": "l", "arg": "2.2.5$%l$%l$%EN2zh-CHS$%$%",         "icon": "icon.png"}
{"title": "lux", "subtitle": "勒克斯。", "arg": "2.2.5$%lux$%勒克斯。$%EN2zh-CHS$%$%",         "icon": "icon.png"}
{"title": "luxury", "subtitle": "奢侈品", "arg": "2.2.5$%luxury$%奢侈品$%EN2zh-CHS$%$%",         "icon": "icon.png"}
{"title": "queue", "subtitle": "队列", "arg": "2.2.5$%queue$%队列$%EN2zh-CHS$%$%",         "icon": "icon.png"}
{"title": "force", "subtitle": "力", "arg": "2.2.5$%force$%力$%EN2zh-CHS$%$%",         "icon": "icon.png"}
{"title": "p", "subtitle": "p", "arg": "2.2.5$%p$%p$%EN2zh-CHS$%$%",         "icon": "icon.png"}
{"title": "permi", "subtitle": "对不起", "arg": "2.2.5$%permi$%对不起$%EN2zh-CHS$%$%",         "icon": "icon.png"}
{"title": "permissive", "subtitle": "宽容的", "arg": "2.2.5$%permissive$%宽容的$%EN2zh-CHS$%$%",         "icon": "icon.png"}
{"title": "artifdacts", "subtitle": "阿蒂夫达特", "arg": "2.2.5$%artifdacts$%阿蒂夫达特$%EN2zh-CHS$%$%",         "icon": "icon.png"}
{"title": "artifacts", "subtitle": "工件", "arg": "2.2.5$%artifacts$%工件$%EN2zh-CHS$%$%",         "icon": "icon.png"}
{"title": "exploded", "subtitle": "爆炸", "arg": "2.2.5$%exploded$%爆炸$%EN2zh-CHS$%$%",         "icon": "icon.png"}
{"title": "archive", "subtitle": "存档", "arg": "2.2.5$%archive$%存档$%EN2zh-CHS$%$%",         "icon": "icon.png"}
{"title": "from time to", "subtitle": "从时间到", "arg": "2.2.5$%from time to$%从时间到$%EN2zh-CHS$%$%",         "icon": "icon.png"}
{"title": "from time to time", "subtitle": "不时地", "arg": "2.2.5$%from time to time$%不时地$%EN2zh-CHS$%$%",         "icon": "icon.png"}
{"title": "from time to time", "subtitle": "不时地", "arg": "2.2.5$%from time to time$%不时地$%EN2zh-CHS$%$%",         "icon": "icon.png"}
{"title": "spor", "subtitle": "跟踪", "arg": "2.2.5$%spor$%跟踪$%EN2zh-CHS$%$%",         "icon": "icon.png"}
{"title": "sport", "subtitle": "体育运动", "arg": "2.2.5$%sport$%体育运动$%EN2zh-CHS$%$%",         "icon": "icon.png"}
{"title": "sportsmanship", "subtitle": "体育精神", "arg": "2.2.5$%sportsmanship$%体育精神$%EN2zh-CHS$%$%",         "icon": "icon.png"}
{"title": "inicial", "subtitle": "初始", "arg": "2.2.5$%inicial$%初始$%EN2zh-CHS$%$%",         "icon": "icon.png"}
{"title": "抵押", "subtitle": "mortgage", "arg": "2.2.5$%抵押$%mortgage$%zh-CHS2EN$%$%",         "icon": "icon.png"}
{"title": "抵押物", "subtitle": "The mortgaged property", "arg": "2.2.5$%抵押物$%The mortgaged property$%zh-CHS2EN$%$%",         "icon": "icon.png"}
{"title": "pledge", "subtitle": "承诺", "arg": "2.2.5$%pledge$%承诺$%EN2zh-CHS$%$%",         "icon": "icon.png"}
{"title": "需求", "subtitle": "demand", "arg": "2.2.5$%需求$%demand$%zh-CHS2EN$%$%",         "icon": "icon.png"}
{"title": "需求分析", "subtitle": "Demand analysis", "arg": "2.2.5$%需求分析$%Demand analysis$%zh-CHS2EN$%$%",         "icon": "icon.png"}
{"title": "需求", "subtitle": "demand", "arg": "2.2.5$%需求$%demand$%zh-CHS2EN$%$%",         "icon": "icon.png"}
{"title": "运维", "subtitle": "operations", "arg": "2.2.5$%运维$%operations$%zh-CHS2EN$%$%",         "icon": "icon.png"}
{"title": "信息", "subtitle": "information", "arg": "2.2.5$%信息$%information$%zh-CHS2EN$%$%",         "icon": "icon.png"}
{"title": "信息管理", "subtitle": "Information management", "arg": "2.2.5$%信息管理$%Information management$%zh-CHS2EN$%$%",         "icon": "icon.png"}
{"title": "信息管理部门", "subtitle": "Information Management Department", "arg": "2.2.5$%信息管理部门$%Information Management Department$%zh-CHS2EN$%$%",         "icon": "icon.png"}
{"title": "信息管理部", "subtitle": "Information Management Department", "arg": "2.2.5$%信息管理部$%Information Management Department$%zh-CHS2EN$%$%",         "icon": "icon.png"}
{"title": "运维", "subtitle": "operations", "arg": "2.2.5$%运维$%operations$%zh-CHS2EN$%$%",         "icon": "icon.png"}
{"title": "boody", "subtitle": "boody", "arg": "2.2.5$%boody$%boody$%EN2zh-CHS$%$%",         "icon": "icon.png"}
{"title": "羊毛", "subtitle": "wool", "arg": "2.2.5$%羊毛$%wool$%zh-CHS2EN$%$%",         "icon": "icon.png"}
{"title": "羊毛制", "subtitle": "wool", "arg": "2.2.5$%羊毛制$%wool$%zh-CHS2EN$%$%",         "icon": "icon.png"}
{"title": "羊毛制的", "subtitle": "Made of wool", "arg": "2.2.5$%羊毛制的$%Made of wool$%zh-CHS2EN$%$%",         "icon": "icon.png"}
{"title": "facade", "subtitle": "外观", "arg": "2.2.5$%facade$%外观$%EN2zh-CHS$%$%",         "icon": "icon.png"}
{"title": "volume", "subtitle": "体积", "arg": "2.2.5$%volume$%体积$%EN2zh-CHS$%$%",         "icon": "icon.png"}
{"title": "introspection", "subtitle": "自省", "arg": "2.2.5$%introspection$%自省$%EN2zh-CHS$%$%",         "icon": "icon.png"}
{"title": "fac", "subtitle": "做", "arg": "2.2.5$%fac$%做$%EN2zh-CHS$%$%",         "icon": "icon.png"}
{"title": "facad", "subtitle": "facad", "arg": "2.2.5$%facad$%facad$%EN2zh-CHS$%$%",         "icon": "icon.png"}
{"title": "facade", "subtitle": "外观", "arg": "2.2.5$%facade$%外观$%EN2zh-CHS$%$%",         "icon": "icon.png"}
{"title": "faint", "subtitle": "微弱的", "arg": "2.2.5$%faint$%微弱的$%EN2zh-CHS$%$%",         "icon": "icon.png"}
{"title": "fu", "subtitle": "福", "arg": "2.2.5$%fu$%福$%EN2zh-CHS$%$%",         "icon": "icon.png"}
{"title": "fuha", "subtitle": "福哈", "arg": "2.2.5$%fuha$%福哈$%EN2zh-CHS$%$%",         "icon": "icon.png"}
{"title": "f", "subtitle": "f", "arg": "2.2.5$%f$%f$%EN2zh-CHS$%$%",         "icon": "icon.png"}
{"title": "符号", "subtitle": "symbol", "arg": "2.2.5$%符号$%symbol$%zh-CHS2EN$%$%",         "icon": "icon.png"}
{"title": "中间", "subtitle": "In the middle", "arg": "2.2.5$%中间$%In the middle$%zh-CHS2EN$%$%",         "icon": "icon.png"}
{"title": "中间件", "subtitle": "The middleware", "arg": "2.2.5$%中间件$%The middleware$%zh-CHS2EN$%$%",         "icon": "icon.png"}
{"title": "man", "subtitle": "男人。", "arg": "2.2.5$%man$%男人。$%EN2zh-CHS$%$%",         "icon": "icon.png"}
{"title": "mandatory", "subtitle": "强制性的", "arg": "2.2.5$%mandatory$%强制性的$%EN2zh-CHS$%$%",         "icon": "icon.png"}
{"title": "通知", "subtitle": "notice", "arg": "2.2.5$%通知$%notice$%zh-CHS2EN$%$%",         "icon": "icon.png"}
{"title": "upda", "subtitle": "upda", "arg": "2.2.5$%upda$%upda$%EN2zh-CHS$%$%",         "icon": "icon.png"}
{"title": "up", "subtitle": "向上", "arg": "2.2.5$%up$%向上$%EN2zh-CHS$%$%",         "icon": "icon.png"}
{"title": "upgrade", "subtitle": "升级", "arg": "2.2.5$%upgrade$%升级$%EN2zh-CHS$%$%",         "icon": "icon.png"}
{"title": "update", "subtitle": "更新", "arg": "2.2.5$%update$%更新$%EN2zh-CHS$%$%",         "icon": "icon.png"}
{"title": "L", "subtitle": "l", "arg": "2.2.5$%L$%l$%EN2zh-CHS$%$%",         "icon": "icon.png"}
{"title": "login", "subtitle": "登录", "arg": "2.2.5$%login$%登录$%EN2zh-CHS$%$%",         "icon": "icon.png"}
{"title": "login", "subtitle": "登录", "arg": "2.2.5$%login$%登录$%EN2zh-CHS$%$%",         "icon": "icon.png"}
{"title": "login gra", "subtitle": "登录时间", "arg": "2.2.5$%login gra$%登录时间$%EN2zh-CHS$%$%",         "icon": "icon.png"}
{"title": "login grace", "subtitle": "登录恩典", "arg": "2.2.5$%login grace$%登录恩典$%EN2zh-CHS$%$%",         "icon": "icon.png"}
{"title": "login grace time", "subtitle": "登录恩典时间", "arg": "2.2.5$%login grace time$%登录恩典时间$%EN2zh-CHS$%$%",         "icon": "icon.png"}
{"title": "grace", "subtitle": "格蕾丝", "arg": "2.2.5$%grace$%格蕾丝$%EN2zh-CHS$%$%",         "icon": "icon.png"}
{"title": "进阶", "subtitle": "The advanced", "arg": "2.2.5$%进阶$%The advanced$%zh-CHS2EN$%$%",         "icon": "icon.png"}
{"title": "提高", "subtitle": "To improve", "arg": "2.2.5$%提高$%To improve$%zh-CHS2EN$%$%",         "icon": "icon.png"}
{"title": "fa", "subtitle": "前", "arg": "2.2.5$%fa$%前$%EN2zh-CHS$%$%",         "icon": "icon.png"}
{"title": "fanout", "subtitle": "扇出", "arg": "2.2.5$%fanout$%扇出$%EN2zh-CHS$%$%",         "icon": "icon.png"}
{"title": "broker", "subtitle": "代理", "arg": "2.2.5$%broker$%代理$%EN2zh-CHS$%$%",         "icon": "icon.png"}
{"title": "co", "subtitle": "公司", "arg": "2.2.5$%co$%公司$%EN2zh-CHS$%$%",         "icon": "icon.png"}
{"title": "corr", "subtitle": "相关系数", "arg": "2.2.5$%corr$%相关系数$%EN2zh-CHS$%$%",         "icon": "icon.png"}
{"title": "co", "subtitle": "公司", "arg": "2.2.5$%co$%公司$%EN2zh-CHS$%$%",         "icon": "icon.png"}
{"title": "cor", "subtitle": "召开", "arg": "2.2.5$%cor$%召开$%EN2zh-CHS$%$%",         "icon": "icon.png"}
{"title": "correlated", "subtitle": "相关", "arg": "2.2.5$%correlated$%相关$%EN2zh-CHS$%$%",         "icon": "icon.png"}
{"title": "cor", "subtitle": "召开", "arg": "2.2.5$%cor$%召开$%EN2zh-CHS$%$%",         "icon": "icon.png"}
{"title": "corrrel", "subtitle": "corrrel", "arg": "2.2.5$%corrrel$%corrrel$%EN2zh-CHS$%$%",         "icon": "icon.png"}
{"title": "corr", "subtitle": "相关系数", "arg": "2.2.5$%corr$%相关系数$%EN2zh-CHS$%$%",         "icon": "icon.png"}
{"title": "cor", "subtitle": "召开", "arg": "2.2.5$%cor$%召开$%EN2zh-CHS$%$%",         "icon": "icon.png"}
{"title": "correlate", "subtitle": "关联", "arg": "2.2.5$%correlate$%关联$%EN2zh-CHS$%$%",         "icon": "icon.png"}
{"title": "met", "subtitle": "与", "arg": "2.2.5$%met$%与$%EN2zh-CHS$%$%",         "icon": "icon.png"}
{"title": "metrics", "subtitle": "指标", "arg": "2.2.5$%metrics$%指标$%EN2zh-CHS$%$%",         "icon": "icon.png"}
{"title": "july", "subtitle": "7月", "arg": "2.2.5$%july$%7月$%EN2zh-CHS$%$%",         "icon": "icon.png"}
{"title": "eligible", "subtitle": "符合条件的", "arg": "2.2.5$%eligible$%符合条件的$%EN2zh-CHS$%$%",         "icon": "icon.png"}
{"title": "in", "subtitle": "在", "arg": "2.2.5$%in$%在$%EN2zh-CHS$%$%",         "icon": "icon.png"}
{"title": "inicial", "subtitle": "初始", "arg": "2.2.5$%inicial$%初始$%EN2zh-CHS$%$%",         "icon": "icon.png"}
{"title": "outer", "subtitle": "外", "arg": "2.2.5$%outer$%外$%EN2zh-CHS$%$%",         "icon": "icon.png"}
{"title": "记录", "subtitle": "record", "arg": "2.2.5$%记录$%record$%zh-CHS2EN$%$%",         "icon": "icon.png"}
{"title": "define", "subtitle": "定义", "arg": "2.2.5$%define$%定义$%EN2zh-CHS$%$%",         "icon": "icon.png"}
{"title": "no", "subtitle": "没有", "arg": "2.2.5$%no$%没有$%EN2zh-CHS$%$%",         "icon": "icon.png"}
{"title": "notify", "subtitle": "通知", "arg": "2.2.5$%notify$%通知$%EN2zh-CHS$%$%",         "icon": "icon.png"}
{"title": "not", "subtitle": "不", "arg": "2.2.5$%not$%不$%EN2zh-CHS$%$%",         "icon": "icon.png"}
{"title": "通知", "subtitle": "notice", "arg": "2.2.5$%通知$%notice$%zh-CHS2EN$%$%",         "icon": "icon.png"}
{"title": "bubbling", "subtitle": "冒泡", "arg": "2.2.5$%bubbling$%冒泡$%EN2zh-CHS$%$%",         "icon": "icon.png"}
{"title": "hon", "subtitle": "她", "arg": "2.2.5$%hon$%她$%EN2zh-CHS$%$%",         "icon": "icon.png"}
{"title": "宏观", "subtitle": "The macro", "arg": "2.2.5$%宏观$%The macro$%zh-CHS2EN$%$%",         "icon": "icon.png"}
{"title": "组包错误", "subtitle": "Group package error", "arg": "2.2.5$%组包错误$%Group package error$%zh-CHS2EN$%$%",         "icon": "icon.png"}
{"title": "express", "subtitle": "表达", "arg": "2.2.5$%express$%表达$%EN2zh-CHS$%$%",         "icon": "icon.png"}
{"title": "exp", "subtitle": "经验值", "arg": "2.2.5$%exp$%经验值$%EN2zh-CHS$%$%",         "icon": "icon.png"}
{"title": "超时", "subtitle": "timeout", "arg": "2.2.5$%超时$%timeout$%zh-CHS2EN$%$%",         "icon": "icon.png"}
{"title": "超时", "subtitle": "timeout", "arg": "2.2.5$%超时$%timeout$%zh-CHS2EN$%$%",         "icon": "icon.png"}
{"title": "超时时间", "subtitle": "timeout", "arg": "2.2.5$%超时时间$%timeout$%zh-CHS2EN$%$%",         "icon": "icon.png"}
{"title": "超", "subtitle": "super", "arg": "2.2.5$%超$%super$%zh-CHS2EN$%$%",         "icon": "icon.png"}
{"title": "过期", "subtitle": "overdue", "arg": "2.2.5$%过期$%overdue$%zh-CHS2EN$%$%",         "icon": "icon.png"}
{"title": "强调", "subtitle": "Emphasis on", "arg": "2.2.5$%强调$%Emphasis on$%zh-CHS2EN$%$%",         "icon": "icon.png"}
{"title": "冲突", "subtitle": "conflict", "arg": "2.2.5$%冲突$%conflict$%zh-CHS2EN$%$%",         "icon": "icon.png"}
{"title": "disposables", "subtitle": "一次性用品", "arg": "2.2.5$%disposables$%一次性用品$%EN2zh-CHS$%$%",         "icon": "icon.png"}
{"title": "dispo", "subtitle": "分配", "arg": "2.2.5$%dispo$%分配$%EN2zh-CHS$%$%",         "icon": "icon.png"}
{"title": "dispos", "subtitle": "dispos", "arg": "2.2.5$%dispos$%dispos$%EN2zh-CHS$%$%",         "icon": "icon.png"}
{"title": "disposa", "subtitle": "disposa", "arg": "2.2.5$%disposa$%disposa$%EN2zh-CHS$%$%",         "icon": "icon.png"}
{"title": "disposab", "subtitle": "disposab", "arg": "2.2.5$%disposab$%disposab$%EN2zh-CHS$%$%",         "icon": "icon.png"}
{"title": "disposable", "subtitle": "一次性", "arg": "2.2.5$%disposable$%一次性$%EN2zh-CHS$%$%",         "icon": "icon.png"}
{"title": "fa", "subtitle": "前", "arg": "2.2.5$%fa$%前$%EN2zh-CHS$%$%",         "icon": "icon.png"}
{"title": "facet", "subtitle": "家伙", "arg": "2.2.5$%facet$%家伙$%EN2zh-CHS$%$%",         "icon": "icon.png"}
{"title": "arti", "subtitle": "艺术", "arg": "2.2.5$%arti$%艺术$%EN2zh-CHS$%$%",         "icon": "icon.png"}
{"title": "artifa", "subtitle": "Artifa", "arg": "2.2.5$%artifa$%Artifa$%EN2zh-CHS$%$%",         "icon": "icon.png"}
{"title": "artifact", "subtitle": "工件", "arg": "2.2.5$%artifact$%工件$%EN2zh-CHS$%$%",         "icon": "icon.png"}
{"title": "numberic", "subtitle": "numberic", "arg": "2.2.5$%numberic$%numberic$%EN2zh-CHS$%$%",         "icon": "icon.png"}
{"title": "audit", "subtitle": "审计", "arg": "2.2.5$%audit$%审计$%EN2zh-CHS$%$%",         "icon": "icon.png"}
{"title": "corr", "subtitle": "相关系数", "arg": "2.2.5$%corr$%相关系数$%EN2zh-CHS$%$%",         "icon": "icon.png"}
{"title": "corre", "subtitle": "跑", "arg": "2.2.5$%corre$%跑$%EN2zh-CHS$%$%",         "icon": "icon.png"}
{"title": "corres", "subtitle": "能跑", "arg": "2.2.5$%corres$%能跑$%EN2zh-CHS$%$%",         "icon": "icon.png"}
{"title": "corresp", "subtitle": "corresp", "arg": "2.2.5$%corresp$%corresp$%EN2zh-CHS$%$%",         "icon": "icon.png"}
{"title": "correspond", "subtitle": "对应", "arg": "2.2.5$%correspond$%对应$%EN2zh-CHS$%$%",         "icon": "icon.png"}
{"title": "羊毛", "subtitle": "wool", "arg": "2.2.5$%羊毛$%wool$%zh-CHS2EN$%$%",         "icon": "icon.png"}
{"title": "收银台", "subtitle": "checkstand", "arg": "2.2.5$%收银台$%checkstand$%zh-CHS2EN$%$%",         "icon": "icon.png"}
{"title": "imp", "subtitle": "小鬼", "arg": "2.2.5$%imp$%小鬼$%EN2zh-CHS$%$%",         "icon": "icon.png"}
{"title": "imper", "subtitle": "imper", "arg": "2.2.5$%imper$%imper$%EN2zh-CHS$%$%",         "icon": "icon.png"}
{"title": "impersonate", "subtitle": "模仿", "arg": "2.2.5$%impersonate$%模仿$%EN2zh-CHS$%$%",         "icon": "icon.png"}
{"title": "cashier", "subtitle": "收银员", "arg": "2.2.5$%cashier$%收银员$%EN2zh-CHS$%$%",         "icon": "icon.png"}
{"title": "ca", "subtitle": "如", "arg": "2.2.5$%ca$%如$%EN2zh-CHS$%$%",         "icon": "icon.png"}
{"title": "收银台", "subtitle": "checkstand", "arg": "2.2.5$%收银台$%checkstand$%zh-CHS2EN$%$%",         "icon": "icon.png"}
{"title": "审计", "subtitle": "The audit", "arg": "2.2.5$%审计$%The audit$%zh-CHS2EN$%$%",         "icon": "icon.png"}
{"title": "#", "subtitle": "#", "arg": "2.2.5$%#$%#$%EN2zh-CHS$%$%",         "icon": "icon.png"}
{"title": "j", "subtitle": "j", "arg": "2.2.5$%j$%j$%EN2zh-CHS$%$%",         "icon": "icon.png"}
{"title": "s", "subtitle": "年代", "arg": "2.2.5$%s$%年代$%EN2zh-CHS$%$%",         "icon": "icon.png"}
{"title": "sem", "subtitle": "没有", "arg": "2.2.5$%sem$%没有$%EN2zh-CHS$%$%",         "icon": "icon.png"}
{"title": "semaph", "subtitle": "semaph", "arg": "2.2.5$%semaph$%semaph$%EN2zh-CHS$%$%",         "icon": "icon.png"}
{"title": "semaphore", "subtitle": "信号量", "arg": "2.2.5$%semaphore$%信号量$%EN2zh-CHS$%$%",         "icon": "icon.png"}
{"title": "监控", "subtitle": "monitoring", "arg": "2.2.5$%监控$%monitoring$%zh-CHS2EN$%$%",         "icon": "icon.png"}
{"title": "bearer", "subtitle": "持票人", "arg": "2.2.5$%bearer$%持票人$%EN2zh-CHS$%$%",         "icon": "icon.png"}
{"title": "bearer", "subtitle": "持票人", "arg": "2.2.5$%bearer$%持票人$%EN2zh-CHS$%$%",         "icon": "icon.png"}
{"title": "bean", "subtitle": "豆", "arg": "2.2.5$%bean$%豆$%EN2zh-CHS$%$%",         "icon": "icon.png"}
{"title": "beanstalk", "subtitle": "豆茎", "arg": "2.2.5$%beanstalk$%豆茎$%EN2zh-CHS$%$%",         "icon": "icon.png"}
{"title": "可用的", "subtitle": "The available", "arg": "2.2.5$%可用的$%The available$%zh-CHS2EN$%$%",         "icon": "icon.png"}
{"title": "持久化", "subtitle": "persistence", "arg": "2.2.5$%持久化$%persistence$%zh-CHS2EN$%$%",         "icon": "icon.png"}
{"title": "光大", "subtitle": "everbright", "arg": "2.2.5$%光大$%everbright$%zh-CHS2EN$%$%",         "icon": "icon.png"}
{"title": "光大银行", "subtitle": "Everbright bank", "arg": "2.2.5$%光大银行$%Everbright bank$%zh-CHS2EN$%$%",         "icon": "icon.png"}
{"title": "z", "subtitle": "z", "arg": "2.2.5$%z$%z$%EN2zh-CHS$%$%",         "icon": "icon.png"}
{"title": "正", "subtitle": "is", "arg": "2.2.5$%正$%is$%zh-CHS2EN$%$%",         "icon": "icon.png"}
{"title": "正向", "subtitle": "positive", "arg": "2.2.5$%正向$%positive$%zh-CHS2EN$%$%",         "icon": "icon.png"}
{"title": "conflict", "subtitle": "冲突", "arg": "2.2.5$%conflict$%冲突$%EN2zh-CHS$%$%",         "icon": "icon.png"}
{"title": "e", "subtitle": "e", "arg": "2.2.5$%e$%e$%EN2zh-CHS$%$%",         "icon": "icon.png"}
{"title": "elapsed", "subtitle": "运行", "arg": "2.2.5$%elapsed$%运行$%EN2zh-CHS$%$%",         "icon": "icon.png"}
{"title": "elap", "subtitle": "埃拉普", "arg": "2.2.5$%elap$%埃拉普$%EN2zh-CHS$%$%",         "icon": "icon.png"}
{"title": "elapsed", "subtitle": "运行", "arg": "2.2.5$%elapsed$%运行$%EN2zh-CHS$%$%",         "icon": "icon.png"}
{"title": "sh", "subtitle": "上海", "arg": "2.2.5$%sh$%上海$%EN2zh-CHS$%$%",         "icon": "icon.png"}
{"title": "统计", "subtitle": "statistical", "arg": "2.2.5$%统计$%statistical$%zh-CHS2EN$%$%",         "icon": "icon.png"}
{"title": "运行时间", "subtitle": "The elapsed time", "arg": "2.2.5$%运行时间$%The elapsed time$%zh-CHS2EN$%$%",         "icon": "icon.png"}
{"title": "开始", "subtitle": "start", "arg": "2.2.5$%开始$%start$%zh-CHS2EN$%$%",         "icon": "icon.png"}
{"title": "bench", "subtitle": "板凳上", "arg": "2.2.5$%bench$%板凳上$%EN2zh-CHS$%$%",         "icon": "icon.png"}
{"title": "benchbar", "subtitle": "长凳杆", "arg": "2.2.5$%benchbar$%长凳杆$%EN2zh-CHS$%$%",         "icon": "icon.png"}
{"title": "bench", "subtitle": "板凳上", "arg": "2.2.5$%bench$%板凳上$%EN2zh-CHS$%$%",         "icon": "icon.png"}
{"title": "benchmark", "subtitle": "基准", "arg": "2.2.5$%benchmark$%基准$%EN2zh-CHS$%$%",         "icon": "icon.png"}
{"title": "in", "subtitle": "在", "arg": "2.2.5$%in$%在$%EN2zh-CHS$%$%",         "icon": "icon.png"}
{"title": "inbound", "subtitle": "入站", "arg": "2.2.5$%inbound$%入站$%EN2zh-CHS$%$%",         "icon": "icon.png"}
{"title": "mutated", "subtitle": "突变", "arg": "2.2.5$%mutated$%突变$%EN2zh-CHS$%$%",         "icon": "icon.png"}
{"title": "press", "subtitle": "新闻", "arg": "2.2.5$%press$%新闻$%EN2zh-CHS$%$%",         "icon": "icon.png"}
{"title": "压力", "subtitle": "pressure", "arg": "2.2.5$%压力$%pressure$%zh-CHS2EN$%$%",         "icon": "icon.png"}
{"title": "压力测试", "subtitle": "Pressure test", "arg": "2.2.5$%压力测试$%Pressure test$%zh-CHS2EN$%$%",         "icon": "icon.png"}
{"title": "并发", "subtitle": "concurrent", "arg": "2.2.5$%并发$%concurrent$%zh-CHS2EN$%$%",         "icon": "icon.png"}
{"title": "回滚", "subtitle": "The rollback", "arg": "2.2.5$%回滚$%The rollback$%zh-CHS2EN$%$%",         "icon": "icon.png"}
{"title": "de", "subtitle": "的", "arg": "2.2.5$%de$%的$%EN2zh-CHS$%$%",         "icon": "icon.png"}
{"title": "j", "subtitle": "j", "arg": "2.2.5$%j$%j$%EN2zh-CHS$%$%",         "icon": "icon.png"}
{"title": "告警", "subtitle": "The alarm", "arg": "2.2.5$%告警$%The alarm$%zh-CHS2EN$%$%",         "icon": "icon.png"}
{"title": "常量", "subtitle": "constant", "arg": "2.2.5$%常量$%constant$%zh-CHS2EN$%$%",         "icon": "icon.png"}
{"title": "em", "subtitle": "在", "arg": "2.2.5$%em$%在$%EN2zh-CHS$%$%",         "icon": "icon.png"}
{"title": "embe", "subtitle": "埃姆贝", "arg": "2.2.5$%embe$%埃姆贝$%EN2zh-CHS$%$%",         "icon": "icon.png"}
{"title": "embeded", "subtitle": "使铭记于心", "arg": "2.2.5$%embeded$%使铭记于心$%EN2zh-CHS$%$%",         "icon": "icon.png"}
{"title": "embe", "subtitle": "埃姆贝", "arg": "2.2.5$%embe$%埃姆贝$%EN2zh-CHS$%$%",         "icon": "icon.png"}
{"title": "embedd", "subtitle": "嵌入", "arg": "2.2.5$%embedd$%嵌入$%EN2zh-CHS$%$%",         "icon": "icon.png"}
{"title": "embedded", "subtitle": "嵌入式", "arg": "2.2.5$%embedded$%嵌入式$%EN2zh-CHS$%$%",         "icon": "icon.png"}
{"title": "de", "subtitle": "的", "arg": "2.2.5$%de$%的$%EN2zh-CHS$%$%",         "icon": "icon.png"}
{"title": "deph", "subtitle": "deph", "arg": "2.2.5$%deph$%deph$%EN2zh-CHS$%$%",         "icon": "icon.png"}
{"title": "tob", "subtitle": "陀伯", "arg": "2.2.5$%tob$%陀伯$%EN2zh-CHS$%$%",         "icon": "icon.png"}
{"title": "to be", "subtitle": "是", "arg": "2.2.5$%to be$%是$%EN2zh-CHS$%$%",         "icon": "icon.png"}
{"title": "to be contin", "subtitle": "是contin", "arg": "2.2.5$%to be contin$%是contin$%EN2zh-CHS$%$%",         "icon": "icon.png"}
{"title": "to be continue", "subtitle": "未完待续", "arg": "2.2.5$%to be continue$%未完待续$%EN2zh-CHS$%$%",         "icon": "icon.png"}
{"title": "to be continued", "subtitle": "未完待续", "arg": "2.2.5$%to be continued$%未完待续$%EN2zh-CHS$%$%",         "icon": "icon.png"}
{"title": "q", "subtitle": "问", "arg": "2.2.5$%q$%问$%EN2zh-CHS$%$%",         "icon": "icon.png"}
{"title": "区分", "subtitle": "Distinguish between", "arg": "2.2.5$%区分$%Distinguish between$%zh-CHS2EN$%$%",         "icon": "icon.png"}
{"title": "组合", "subtitle": "combination", "arg": "2.2.5$%组合$%combination$%zh-CHS2EN$%$%",         "icon": "icon.png"}
{"title": "ten", "subtitle": "这", "arg": "2.2.5$%ten$%这$%EN2zh-CHS$%$%",         "icon": "icon.png"}
{"title": "tenured", "subtitle": "终身", "arg": "2.2.5$%tenured$%终身$%EN2zh-CHS$%$%",         "icon": "icon.png"}
{"title": "nohup.out                sentinel-dashboard-nacos sentinel-dashboard.jar   sentinel.sh", "subtitle": "nohup。出去哨兵-dashboard-nacos哨兵-dashboard。jar哨兵。sh", "arg": "2.2.5$%nohup.out                sentinel-dashboard-nacos sentinel-dashboard.jar   sentinel.sh$%nohup。出去哨兵-dashboard-nacos哨兵-dashboard。jar哨兵。sh$%EN2zh-CHS$%$%",         "icon": "icon.png"}
{"title": "yd tenured", "subtitle": "码终身", "arg": "2.2.5$%yd tenured$%码终身$%EN2zh-CHS$%$%",         "icon": "icon.png"}
{"title": "yd ttenured", "subtitle": "yd ttenured", "arg": "2.2.5$%yd ttenured$%yd ttenured$%EN2zh-CHS$%$%",         "icon": "icon.png"}
{"title": "yd tenured", "subtitle": "码终身", "arg": "2.2.5$%yd tenured$%码终身$%EN2zh-CHS$%$%",         "icon": "icon.png"}
{"title": "进", "subtitle": "Into the", "arg": "2.2.5$%进$%Into the$%zh-CHS2EN$%$%",         "icon": "icon.png"}
{"title": "进位", "subtitle": "carry", "arg": "2.2.5$%进位$%carry$%zh-CHS2EN$%$%",         "icon": "icon.png"}
{"title": "semop", "subtitle": "半波普", "arg": "2.2.5$%semop$%半波普$%EN2zh-CHS$%$%",         "icon": "icon.png"}
{"title": "se", "subtitle": "下去", "arg": "2.2.5$%se$%下去$%EN2zh-CHS$%$%",         "icon": "icon.png"}
{"title": "sema", "subtitle": "sema", "arg": "2.2.5$%sema$%sema$%EN2zh-CHS$%$%",         "icon": "icon.png"}
{"title": "semaphore", "subtitle": "信号量", "arg": "2.2.5$%semaphore$%信号量$%EN2zh-CHS$%$%",         "icon": "icon.png"}
{"title": "con", "subtitle": "与", "arg": "2.2.5$%con$%与$%EN2zh-CHS$%$%",         "icon": "icon.png"}
{"title": "consistent", "subtitle": "一致的", "arg": "2.2.5$%consistent$%一致的$%EN2zh-CHS$%$%",         "icon": "icon.png"}
{"title": "phase", "subtitle": "阶段", "arg": "2.2.5$%phase$%阶段$%EN2zh-CHS$%$%",         "icon": "icon.png"}
{"title": "at", "subtitle": "在", "arg": "2.2.5$%at$%在$%EN2zh-CHS$%$%",         "icon": "icon.png"}
{"title": "atomicily", "subtitle": "atomicily", "arg": "2.2.5$%atomicily$%atomicily$%EN2zh-CHS$%$%",         "icon": "icon.png"}
{"title": "atomici", "subtitle": "原子", "arg": "2.2.5$%atomici$%原子$%EN2zh-CHS$%$%",         "icon": "icon.png"}
{"title": "atomic", "subtitle": "原子", "arg": "2.2.5$%atomic$%原子$%EN2zh-CHS$%$%",         "icon": "icon.png"}
{"title": "atomicly", "subtitle": "原子", "arg": "2.2.5$%atomicly$%原子$%EN2zh-CHS$%$%",         "icon": "icon.png"}
{"title": "atomic", "subtitle": "原子", "arg": "2.2.5$%atomic$%原子$%EN2zh-CHS$%$%",         "icon": "icon.png"}
{"title": "atomicity", "subtitle": "原子性", "arg": "2.2.5$%atomicity$%原子性$%EN2zh-CHS$%$%",         "icon": "icon.png"}
{"title": "a", "subtitle": "一个", "arg": "2.2.5$%a$%一个$%EN2zh-CHS$%$%",         "icon": "icon.png"}
{"title": "dura", "subtitle": "硬", "arg": "2.2.5$%dura$%硬$%EN2zh-CHS$%$%",         "icon": "icon.png"}
{"title": "durabil", "subtitle": "耐用", "arg": "2.2.5$%durabil$%耐用$%EN2zh-CHS$%$%",         "icon": "icon.png"}
{"title": "durability", "subtitle": "耐用性", "arg": "2.2.5$%durability$%耐用性$%EN2zh-CHS$%$%",         "icon": "icon.png"}
{"title": "偶数", "subtitle": "An even number", "arg": "2.2.5$%偶数$%An even number$%zh-CHS2EN$%$%",         "icon": "icon.png"}
{"title": "odd", "subtitle": "奇怪的", "arg": "2.2.5$%odd$%奇怪的$%EN2zh-CHS$%$%",         "icon": "icon.png"}
{"title": "基准", "subtitle": "The benchmark", "arg": "2.2.5$%基准$%The benchmark$%zh-CHS2EN$%$%",         "icon": "icon.png"}
{"title": "ep", "subtitle": "ep", "arg": "2.2.5$%ep$%ep$%EN2zh-CHS$%$%",         "icon": "icon.png"}
{"title": "ephemeral", "subtitle": "短暂的", "arg": "2.2.5$%ephemeral$%短暂的$%EN2zh-CHS$%$%",         "icon": "icon.png"}
{"title": "循环", "subtitle": "cycle", "arg": "2.2.5$%循环$%cycle$%zh-CHS2EN$%$%",         "icon": "icon.png"}
{"title": "volatile", "subtitle": "挥发性", "arg": "2.2.5$%volatile$%挥发性$%EN2zh-CHS$%$%",         "icon": "icon.png"}
{"title": "t", "subtitle": "t", "arg": "2.2.5$%t$%t$%EN2zh-CHS$%$%",         "icon": "icon.png"}
{"title": "atomicity", "subtitle": "原子性", "arg": "2.2.5$%atomicity$%原子性$%EN2zh-CHS$%$%",         "icon": "icon.png"}
{"title": "funguc", "subtitle": "木耳", "arg": "2.2.5$%funguc$%木耳$%EN2zh-CHS$%$%",         "icon": "icon.png"}
{"title": "fungus", "subtitle": "真菌", "arg": "2.2.5$%fungus$%真菌$%EN2zh-CHS$%$%",         "icon": "icon.png"}
{"title": "stamp", "subtitle": "邮票", "arg": "2.2.5$%stamp$%邮票$%EN2zh-CHS$%$%",         "icon": "icon.png"}
{"title": "ivr", "subtitle": "这套", "arg": "2.2.5$%ivr$%这套$%EN2zh-CHS$%$%",         "icon": "icon.png"}
{"title": "poll", "subtitle": "民意调查", "arg": "2.2.5$%poll$%民意调查$%EN2zh-CHS$%$%",         "icon": "icon.png"}
{"title": "guy", "subtitle": "的家伙", "arg": "2.2.5$%guy$%的家伙$%EN2zh-CHS$%$%",         "icon": "icon.png"}
{"title": "elas", "subtitle": "她们", "arg": "2.2.5$%elas$%她们$%EN2zh-CHS$%$%",         "icon": "icon.png"}
{"title": "elastic", "subtitle": "弹性", "arg": "2.2.5$%elastic$%弹性$%EN2zh-CHS$%$%",         "icon": "icon.png"}
{"title": "s", "subtitle": "年代", "arg": "2.2.5$%s$%年代$%EN2zh-CHS$%$%",         "icon": "icon.png"}
{"title": "series", "subtitle": "系列", "arg": "2.2.5$%series$%系列$%EN2zh-CHS$%$%",         "icon": "icon.png"}
{"title": "dmz", "subtitle": "非军事区", "arg": "2.2.5$%dmz$%非军事区$%EN2zh-CHS$%$%",         "icon": "icon.png"}
{"title": "t", "subtitle": "t", "arg": "2.2.5$%t$%t$%EN2zh-CHS$%$%",         "icon": "icon.png"}
{"title": "tr", "subtitle": "三", "arg": "2.2.5$%tr$%三$%EN2zh-CHS$%$%",         "icon": "icon.png"}
{"title": "trend", "subtitle": "趋势", "arg": "2.2.5$%trend$%趋势$%EN2zh-CHS$%$%",         "icon": "icon.png"}
{"title": "trending", "subtitle": "趋势", "arg": "2.2.5$%trending$%趋势$%EN2zh-CHS$%$%",         "icon": "icon.png"}
{"title": "ivr", "subtitle": "这套", "arg": "2.2.5$%ivr$%这套$%EN2zh-CHS$%$%",         "icon": "icon.png"}
{"title": "being", "subtitle": "被", "arg": "2.2.5$%being$%被$%EN2zh-CHS$%$%",         "icon": "icon.png"}
{"title": "senior", "subtitle": "高级", "arg": "2.2.5$%senior$%高级$%EN2zh-CHS$%$%",         "icon": "icon.png"}
{"title": "co", "subtitle": "什么", "arg": "2.2.5$%co$%什么$%EN2zh-CHS$%$%",         "icon": "icon.png"}
{"title": "college", "subtitle": "大学", "arg": "2.2.5$%college$%大学$%EN2zh-CHS$%$%",         "icon": "icon.png"}
{"title": "cdn", "subtitle": "cdn", "arg": "2.2.5$%cdn$%cdn$%EN2zh-CHS$%$%",         "icon": "icon.png"}
{"title": "cro", "subtitle": "cro", "arg": "2.2.5$%cro$%cro$%EN2zh-CHS$%$%",         "icon": "icon.png"}
{"title": "crooked", "subtitle": "弯曲的", "arg": "2.2.5$%crooked$%弯曲的$%EN2zh-CHS$%$%",         "icon": "icon.png"}
{"title": "crooked", "subtitle": "弯曲的", "arg": "2.2.5$%crooked$%弯曲的$%EN2zh-CHS$%$%",         "icon": "icon.png"}
{"title": "crooked mountings", "subtitle": "弯曲的配件", "arg": "2.2.5$%crooked mountings$%弯曲的配件$%EN2zh-CHS$%$%",         "icon": "icon.png"}
{"title": "buds", "subtitle": "味蕾", "arg": "2.2.5$%buds$%味蕾$%EN2zh-CHS$%$%",         "icon": "icon.png"}
{"title": "mentor", "subtitle": "导师", "arg": "2.2.5$%mentor$%导师$%EN2zh-CHS$%$%",         "icon": "icon.png"}
{"title": "ivr", "subtitle": "这套", "arg": "2.2.5$%ivr$%这套$%EN2zh-CHS$%$%",         "icon": "icon.png"}
{"title": "lti", "subtitle": "线性时不变", "arg": "2.2.5$%lti$%线性时不变$%EN2zh-CHS$%$%",         "icon": "icon.png"}
{"title": "纳特", "subtitle": "Mr Nath", "arg": "2.2.5$%纳特$%Mr Nath$%zh-CHS2EN$%$%",         "icon": "icon.png"}
{"title": "拿铁", "subtitle": "latte", "arg": "2.2.5$%拿铁$%latte$%zh-CHS2EN$%$%",         "icon": "icon.png"}
{"title": "hello", "subtitle": "你好", "arg": "2.2.5$%hello$%你好$%EN2zh-CHS$%$%",         "icon": "icon.png"}
{"title": "w", "subtitle": "w", "arg": "2.2.5$%w$%w$%EN2zh-CHS$%$%",         "icon": "icon.png"}
{"title": "外卡", "subtitle": "A wild card", "arg": "2.2.5$%外卡$%A wild card$%zh-CHS2EN$%$%",         "icon": "icon.png"}
{"title": "wild", "subtitle": "野生", "arg": "2.2.5$%wild$%野生$%EN2zh-CHS$%$%",         "icon": "icon.png"}
{"title": "wild", "subtitle": "野生", "arg": "2.2.5$%wild$%野生$%EN2zh-CHS$%$%",         "icon": "icon.png"}
{"title": "wild", "subtitle": "野生", "arg": "2.2.5$%wild$%野生$%EN2zh-CHS$%$%",         "icon": "icon.png"}
{"title": "wild card", "subtitle": "外卡", "arg": "2.2.5$%wild card$%外卡$%EN2zh-CHS$%$%",         "icon": "icon.png"}
{"title": "fo", "subtitle": "佛", "arg": "2.2.5$%fo$%佛$%EN2zh-CHS$%$%",         "icon": "icon.png"}
{"title": "foreign", "subtitle": "外国", "arg": "2.2.5$%foreign$%外国$%EN2zh-CHS$%$%",         "icon": "icon.png"}
{"title": "cto", "subtitle": "首席", "arg": "2.2.5$%cto$%首席$%EN2zh-CHS$%$%",         "icon": "icon.png"}
{"title": "lb", "subtitle": "磅", "arg": "2.2.5$%lb$%磅$%EN2zh-CHS$%$%",         "icon": "icon.png"}
{"title": "load ban", "subtitle": "负载的禁令", "arg": "2.2.5$%load ban$%负载的禁令$%EN2zh-CHS$%$%",         "icon": "icon.png"}
{"title": "load balence", "subtitle": "负载身心平衡", "arg": "2.2.5$%load balence$%负载身心平衡$%EN2zh-CHS$%$%",         "icon": "icon.png"}
{"title": "负载均衡", "subtitle": "Load balancing", "arg": "2.2.5$%负载均衡$%Load balancing$%zh-CHS2EN$%$%",         "icon": "icon.png"}
{"title": "le", "subtitle": "在", "arg": "2.2.5$%le$%在$%EN2zh-CHS$%$%",         "icon": "icon.png"}
{"title": "乐", "subtitle": "le", "arg": "2.2.5$%乐$%le$%zh-CHS2EN$%$%",         "icon": "icon.png"}
{"title": "乐歌", "subtitle": "Lyric songs", "arg": "2.2.5$%乐歌$%Lyric songs$%zh-CHS2EN$%$%",         "icon": "icon.png"}
{"title": "yuna", "subtitle": "伊藤由奈", "arg": "2.2.5$%yuna$%伊藤由奈$%EN2zh-CHS$%$%",         "icon": "icon.png"}
{"title": "u", "subtitle": "u", "arg": "2.2.5$%u$%u$%EN2zh-CHS$%$%",         "icon": "icon.png"}
{"title": "yura", "subtitle": "yura", "arg": "2.2.5$%yura$%yura$%EN2zh-CHS$%$%",         "icon": "icon.png"}
{"title": "yuna", "subtitle": "伊藤由奈", "arg": "2.2.5$%yuna$%伊藤由奈$%EN2zh-CHS$%$%",         "icon": "icon.png"}
{"title": "kpi", "subtitle": "基皮", "arg": "2.2.5$%kpi$%基皮$%EN2zh-CHS$%$%",         "icon": "icon.png"}
